[ 2013-06-12T14:49:57+08:00 ] 115.205.138.158 /admin.php
INFO: [ app_begin ] --START--
INFO: Run ReadHtmlCache Behavior [ RunTime:0.000322s ]
INFO: [ app_begin ] --END-- [ RunTime:0.000397s ]
NOTIC: [2] session_start(): open(/var/lib/php/session/sess_qbvdn4snelo14laccf20qfi967, O_RDWR) failed: Permission denied (13) /opt/app/www/ThinkPHP/Common/functions.php 第 566 行.
INFO: [ view_parse ] --START--
INFO: Run ParseTemplate Behavior [ RunTime:0.004523s ]
INFO: [ view_parse ] --END-- [ RunTime:0.004583s ]
INFO: [ view_filter ] --START--
INFO: Run ContentReplace Behavior [ RunTime:0.000218s ]
INFO: Run TokenBuild Behavior [ RunTime:0.000208s ]
INFO: Run WriteHtmlCache Behavior [ RunTime:0.000124s ]
INFO: Run ShowRuntime Behavior [ RunTime:0.000253s ]
INFO: [ view_filter ] --END-- [ RunTime:0.000966s ]
INFO: [ view_end ] --START--
INFO: Run ShowPageTrace Behavior [ RunTime:0.000382s ]
INFO: [ view_end ] --END-- [ RunTime:0.000428s ]

[ 2013-06-12T14:52:40+08:00 ] 115.205.138.158 /admin.php
INFO: [ app_begin ] --START--
INFO: Run ReadHtmlCache Behavior [ RunTime:0.000323s ]
INFO: [ app_begin ] --END-- [ RunTime:0.000417s ]
NOTIC: [2] session_start(): open(/var/lib/php/session/sess_qbvdn4snelo14laccf20qfi967, O_RDWR) failed: Permission denied (13) /opt/app/www/ThinkPHP/Common/functions.php 第 566 行.

[ 2013-06-12T14:52:52+08:00 ] 115.205.138.158 /admin.php
INFO: [ app_begin ] --START--
INFO: Run ReadHtmlCache Behavior [ RunTime:0.000316s ]
INFO: [ app_begin ] --END-- [ RunTime:0.000390s ]
NOTIC: [2] session_start(): open(/var/lib/php/session/sess_qbvdn4snelo14laccf20qfi967, O_RDWR) failed: Permission denied (13) /opt/app/www/ThinkPHP/Common/functions.php 第 566 行.

[ 2013-06-12T14:52:54+08:00 ] 115.205.138.158 /admin.php
INFO: [ app_begin ] --START--
INFO: Run ReadHtmlCache Behavior [ RunTime:0.000314s ]
INFO: [ app_begin ] --END-- [ RunTime:0.000414s ]
NOTIC: [2] session_start(): open(/var/lib/php/session/sess_qbvdn4snelo14laccf20qfi967, O_RDWR) failed: Permission denied (13) /opt/app/www/ThinkPHP/Common/functions.php 第 566 行.

[ 2013-06-12T15:05:43+08:00 ] 115.205.138.158 /admin.php
INFO: [ app_begin ] --START--
INFO: Run ReadHtmlCache Behavior [ RunTime:0.000376s ]
INFO: [ app_begin ] --END-- [ RunTime:0.000466s ]
NOTIC: [2] session_start(): open(/var/lib/php/session/sess_qbvdn4snelo14laccf20qfi967, O_RDWR) failed: Permission denied (13) /opt/app/www/ThinkPHP/Common/functions.php 第 566 行.

[ 2013-06-12T15:06:27+08:00 ] 115.205.138.158 /admin.php
INFO: [ app_begin ] --START--
INFO: Run ReadHtmlCache Behavior [ RunTime:0.000337s ]
INFO: [ app_begin ] --END-- [ RunTime:0.000405s ]
NOTIC: [2] session_start(): open(/var/lib/php/session/sess_qbvdn4snelo14laccf20qfi967, O_RDWR) failed: Permission denied (13) /opt/app/www/ThinkPHP/Common/functions.php 第 566 行.
SQL: SHOW COLUMNS FROM `80h_user` [ RunTime:0.000433s ]
SQL: SELECT * FROM `80h_user`  [ RunTime:0.000210s ]

[ 2013-06-12T15:10:33+08:00 ] 115.205.138.158 /admin.php
INFO: [ app_begin ] --START--
INFO: Run ReadHtmlCache Behavior [ RunTime:0.000316s ]
INFO: [ app_begin ] --END-- [ RunTime:0.000397s ]
NOTIC: [2] session_start(): open(/var/lib/php/session/sess_qbvdn4snelo14laccf20qfi967, O_RDWR) failed: Permission denied (13) /opt/app/www/ThinkPHP/Common/functions.php 第 566 行.
SQL: SHOW COLUMNS FROM `80h_user` [ RunTime:0.000511s ]
SQL: SELECT * FROM `80h_user`  [ RunTime:0.000207s ]

[ 2013-06-12T15:11:21+08:00 ] 115.205.138.158 /admin.php
INFO: [ app_begin ] --START--
INFO: Run ReadHtmlCache Behavior [ RunTime:0.000341s ]
INFO: [ app_begin ] --END-- [ RunTime:0.000425s ]
NOTIC: [2] session_start(): open(/var/lib/php/session/sess_qbvdn4snelo14laccf20qfi967, O_RDWR) failed: Permission denied (13) /opt/app/www/ThinkPHP/Common/functions.php 第 566 行.
SQL: SHOW COLUMNS FROM `80h_user` [ RunTime:0.000511s ]
SQL: SELECT * FROM `80h_user`  [ RunTime:0.000206s ]

[ 2013-06-12T15:12:46+08:00 ] 115.205.138.158 /admin.php
INFO: [ app_begin ] --START--
INFO: Run ReadHtmlCache Behavior [ RunTime:0.000406s ]
INFO: [ app_begin ] --END-- [ RunTime:0.000483s ]
NOTIC: [2] session_start(): open(/var/lib/php/session/sess_qbvdn4snelo14laccf20qfi967, O_RDWR) failed: Permission denied (13) /opt/app/www/ThinkPHP/Common/functions.php 第 566 行.
SQL: SHOW COLUMNS FROM `80h_user` [ RunTime:0.000472s ]
SQL: SELECT * FROM `80h_user`  [ RunTime:0.000200s ]

[ 2013-06-12T15:12:47+08:00 ] 115.205.138.158 /admin.php
INFO: [ app_begin ] --START--
INFO: Run ReadHtmlCache Behavior [ RunTime:0.000314s ]
INFO: [ app_begin ] --END-- [ RunTime:0.000391s ]
NOTIC: [2] session_start(): open(/var/lib/php/session/sess_qbvdn4snelo14laccf20qfi967, O_RDWR) failed: Permission denied (13) /opt/app/www/ThinkPHP/Common/functions.php 第 566 行.
SQL: SHOW COLUMNS FROM `80h_user` [ RunTime:0.000510s ]
SQL: SELECT * FROM `80h_user`  [ RunTime:0.000208s ]

[ 2013-06-12T17:59:46+08:00 ] 115.205.138.158 /admin.php
INFO: [ app_begin ] --START--
INFO: Run ReadHtmlCache Behavior [ RunTime:0.000319s ]
INFO: [ app_begin ] --END-- [ RunTime:0.000436s ]
NOTIC: [2] session_start(): open(/var/lib/php/session/sess_qbvdn4snelo14laccf20qfi967, O_RDWR) failed: Permission denied (13) /opt/app/www/ThinkPHP/Common/functions.php 第 566 行.
NOTIC: [8] session_start(): ps_files_cleanup_dir: opendir(/var/lib/php/session) failed: Permission denied (13) /opt/app/www/ThinkPHP/Common/functions.php 第 566 行.
SQL: SHOW COLUMNS FROM `80h_user` [ RunTime:0.113384s ]
SQL: SELECT * FROM `80h_user`  [ RunTime:0.022238s ]

