[ 2013-06-13T06:23:02+08:00 ] 198.186.192.44 /
INFO: [ app_begin ] --START--
INFO: Run ReadHtmlCache Behavior [ RunTime:0.000364s ]
INFO: [ app_begin ] --END-- [ RunTime:0.000467s ]
NOTIC: [2] session_start(): open(/var/lib/php/session/sess_kh6ss68p9gebgb3n68i7ged7o4, O_RDWR) failed: Permission denied (13) /opt/app/www/ThinkPHP/Common/functions.php 第 566 行.

[ 2013-06-13T07:16:43+08:00 ] 66.249.72.209 /
INFO: [ app_begin ] --START--
INFO: Run ReadHtmlCache Behavior [ RunTime:0.000318s ]
INFO: [ app_begin ] --END-- [ RunTime:0.000410s ]
NOTIC: [2] session_start(): open(/var/lib/php/session/sess_ld4vdp8lr92stgbgdbankb0dg1, O_RDWR) failed: Permission denied (13) /opt/app/www/ThinkPHP/Common/functions.php 第 566 行.

[ 2013-06-13T09:11:38+08:00 ] 106.120.121.132 /
INFO: [ app_begin ] --START--
INFO: Run ReadHtmlCache Behavior [ RunTime:0.000348s ]
INFO: [ app_begin ] --END-- [ RunTime:0.000467s ]
NOTIC: [2] session_start(): open(/var/lib/php/session/sess_iq9il61a0695khbprfa0s0frr6, O_RDWR) failed: Permission denied (13) /opt/app/www/ThinkPHP/Common/functions.php 第 566 行.

[ 2013-06-13T09:53:49+08:00 ] 106.120.121.136 /
INFO: [ app_begin ] --START--
INFO: Run ReadHtmlCache Behavior [ RunTime:0.000557s ]
INFO: [ app_begin ] --END-- [ RunTime:0.000710s ]
NOTIC: [2] session_start(): open(/var/lib/php/session/sess_mi8uoi1vksjknf1gigqf71j7b5, O_RDWR) failed: Permission denied (13) /opt/app/www/ThinkPHP/Common/functions.php 第 566 行.

[ 2013-06-13T20:52:12+08:00 ] 125.122.193.147 /index.php/Story
INFO: [ route_check ] --START--
INFO: Run CheckRoute Behavior [ RunTime:0.002404s ]
INFO: [ route_check ] --END-- [ RunTime:0.002522s ]
INFO: [ app_begin ] --START--
INFO: Run ReadHtmlCache Behavior [ RunTime:0.001794s ]
INFO: [ app_begin ] --END-- [ RunTime:0.001880s ]
NOTIC: [2] session_start(): open(/var/lib/php/session/sess_d6qnrggf31pc7mopjk81hfu633, O_RDWR) failed: Permission denied (13) /opt/app/www/ThinkPHP/Common/functions.php 第 566 行.
INFO: [ view_template ] --START--
INFO: Run LocationTemplate Behavior [ RunTime:0.001911s ]
INFO: [ view_template ] --END-- [ RunTime:0.001987s ]
INFO: [ view_parse ] --START--
INFO: Run ParseTemplate Behavior [ RunTime:0.018337s ]
INFO: [ view_parse ] --END-- [ RunTime:0.018425s ]
INFO: [ view_filter ] --START--
INFO: Run ContentReplace Behavior [ RunTime:0.001868s ]
INFO: Run TokenBuild Behavior [ RunTime:0.001668s ]
INFO: Run WriteHtmlCache Behavior [ RunTime:0.002042s ]
INFO: Run ShowRuntime Behavior [ RunTime:0.001629s ]
INFO: [ view_filter ] --END-- [ RunTime:0.007356s ]
INFO: [ view_end ] --START--
INFO: Run ShowPageTrace Behavior [ RunTime:0.001681s ]
INFO: [ view_end ] --END-- [ RunTime:0.001735s ]

[ 2013-06-13T20:52:12+08:00 ] 125.122.193.147 /index.php/my.css
INFO: [ route_check ] --START--
INFO: Run CheckRoute Behavior [ RunTime:0.000493s ]
INFO: [ route_check ] --END-- [ RunTime:0.000573s ]
INFO: [ app_begin ] --START--
INFO: Run ReadHtmlCache Behavior [ RunTime:0.000307s ]
INFO: [ app_begin ] --END-- [ RunTime:0.000359s ]
NOTIC: [2] session_start(): open(/var/lib/php/session/sess_d6qnrggf31pc7mopjk81hfu633, O_RDWR) failed: Permission denied (13) /opt/app/www/ThinkPHP/Common/functions.php 第 566 行.
NOTIC: [8] Undefined variable: group /opt/app/www/ThinkPHP/Lib/Core/App.class.php 第 120 行.
ERR: 无法加载模块:my.css

[ 2013-06-13T20:52:12+08:00 ] 125.122.193.147 /index.php/my.js
INFO: [ route_check ] --START--
INFO: Run CheckRoute Behavior [ RunTime:0.000473s ]
INFO: [ route_check ] --END-- [ RunTime:0.000541s ]
INFO: [ app_begin ] --START--
INFO: Run ReadHtmlCache Behavior [ RunTime:0.000361s ]
INFO: [ app_begin ] --END-- [ RunTime:0.000417s ]
NOTIC: [2] session_start(): open(/var/lib/php/session/sess_d6qnrggf31pc7mopjk81hfu633, O_RDWR) failed: Permission denied (13) /opt/app/www/ThinkPHP/Common/functions.php 第 566 行.
NOTIC: [8] Undefined variable: group /opt/app/www/ThinkPHP/Lib/Core/App.class.php 第 120 行.
ERR: 无法加载模块:my.js

[ 2013-06-13T20:52:13+08:00 ] 125.122.193.147 /index.php/impress.js
INFO: [ route_check ] --START--
INFO: Run CheckRoute Behavior [ RunTime:0.000587s ]
INFO: [ route_check ] --END-- [ RunTime:0.000710s ]
INFO: [ app_begin ] --START--
INFO: Run ReadHtmlCache Behavior [ RunTime:0.000344s ]
INFO: [ app_begin ] --END-- [ RunTime:0.000401s ]
NOTIC: [2] session_start(): open(/var/lib/php/session/sess_d6qnrggf31pc7mopjk81hfu633, O_RDWR) failed: Permission denied (13) /opt/app/www/ThinkPHP/Common/functions.php 第 566 行.
NOTIC: [8] Undefined variable: group /opt/app/www/ThinkPHP/Lib/Core/App.class.php 第 120 行.
ERR: 无法加载模块:impress.js

[ 2013-06-13T20:54:50+08:00 ] 125.122.193.147 /index.php/Story
INFO: [ route_check ] --START--
INFO: Run CheckRoute Behavior [ RunTime:0.000497s ]
INFO: [ route_check ] --END-- [ RunTime:0.000582s ]
INFO: [ app_begin ] --START--
INFO: Run ReadHtmlCache Behavior [ RunTime:0.000302s ]
INFO: [ app_begin ] --END-- [ RunTime:0.000355s ]
NOTIC: [2] session_start(): open(/var/lib/php/session/sess_d6qnrggf31pc7mopjk81hfu633, O_RDWR) failed: Permission denied (13) /opt/app/www/ThinkPHP/Common/functions.php 第 566 行.
INFO: [ view_template ] --START--
INFO: Run LocationTemplate Behavior [ RunTime:0.000199s ]
INFO: [ view_template ] --END-- [ RunTime:0.000252s ]
INFO: [ view_parse ] --START--
INFO: Run ParseTemplate Behavior [ RunTime:0.009427s ]
INFO: [ view_parse ] --END-- [ RunTime:0.009493s ]
INFO: [ view_filter ] --START--
INFO: Run ContentReplace Behavior [ RunTime:0.000243s ]
INFO: Run TokenBuild Behavior [ RunTime:0.000227s ]
INFO: Run WriteHtmlCache Behavior [ RunTime:0.000243s ]
INFO: Run ShowRuntime Behavior [ RunTime:0.000382s ]
INFO: [ view_filter ] --END-- [ RunTime:0.001254s ]
INFO: [ view_end ] --START--
INFO: Run ShowPageTrace Behavior [ RunTime:0.000496s ]
INFO: [ view_end ] --END-- [ RunTime:0.000572s ]

[ 2013-06-13T20:54:50+08:00 ] 125.122.193.147 /index.php/my.css
INFO: [ route_check ] --START--
INFO: Run CheckRoute Behavior [ RunTime:0.000476s ]
INFO: [ route_check ] --END-- [ RunTime:0.000542s ]
INFO: [ app_begin ] --START--
INFO: Run ReadHtmlCache Behavior [ RunTime:0.000323s ]
INFO: [ app_begin ] --END-- [ RunTime:0.000390s ]
NOTIC: [2] session_start(): open(/var/lib/php/session/sess_d6qnrggf31pc7mopjk81hfu633, O_RDWR) failed: Permission denied (13) /opt/app/www/ThinkPHP/Common/functions.php 第 566 行.
NOTIC: [8] Undefined variable: group /opt/app/www/ThinkPHP/Lib/Core/App.class.php 第 120 行.
ERR: 无法加载模块:my.css

[ 2013-06-13T20:54:50+08:00 ] 125.122.193.147 /index.php/my.js
INFO: [ route_check ] --START--
INFO: Run CheckRoute Behavior [ RunTime:0.000513s ]
INFO: [ route_check ] --END-- [ RunTime:0.000597s ]
INFO: [ app_begin ] --START--
INFO: Run ReadHtmlCache Behavior [ RunTime:0.000301s ]
INFO: [ app_begin ] --END-- [ RunTime:0.000352s ]
NOTIC: [2] session_start(): open(/var/lib/php/session/sess_d6qnrggf31pc7mopjk81hfu633, O_RDWR) failed: Permission denied (13) /opt/app/www/ThinkPHP/Common/functions.php 第 566 行.
NOTIC: [8] Undefined variable: group /opt/app/www/ThinkPHP/Lib/Core/App.class.php 第 120 行.
ERR: 无法加载模块:my.js

[ 2013-06-13T20:54:50+08:00 ] 125.122.193.147 /index.php/impress.js
INFO: [ route_check ] --START--
INFO: Run CheckRoute Behavior [ RunTime:0.000542s ]
INFO: [ route_check ] --END-- [ RunTime:0.000627s ]
INFO: [ app_begin ] --START--
INFO: Run ReadHtmlCache Behavior [ RunTime:0.000499s ]
INFO: [ app_begin ] --END-- [ RunTime:0.000583s ]
NOTIC: [2] session_start(): open(/var/lib/php/session/sess_d6qnrggf31pc7mopjk81hfu633, O_RDWR) failed: Permission denied (13) /opt/app/www/ThinkPHP/Common/functions.php 第 566 行.
NOTIC: [8] Undefined variable: group /opt/app/www/ThinkPHP/Lib/Core/App.class.php 第 120 行.
ERR: 无法加载模块:impress.js

[ 2013-06-13T20:54:55+08:00 ] 125.122.193.147 /index.php/Story
INFO: [ route_check ] --START--
INFO: Run CheckRoute Behavior [ RunTime:0.000487s ]
INFO: [ route_check ] --END-- [ RunTime:0.000572s ]
INFO: [ app_begin ] --START--
INFO: Run ReadHtmlCache Behavior [ RunTime:0.000323s ]
INFO: [ app_begin ] --END-- [ RunTime:0.000375s ]
NOTIC: [2] session_start(): open(/var/lib/php/session/sess_d6qnrggf31pc7mopjk81hfu633, O_RDWR) failed: Permission denied (13) /opt/app/www/ThinkPHP/Common/functions.php 第 566 行.
INFO: [ view_template ] --START--
INFO: Run LocationTemplate Behavior [ RunTime:0.000173s ]
INFO: [ view_template ] --END-- [ RunTime:0.000225s ]
INFO: [ view_parse ] --START--
INFO: Run ParseTemplate Behavior [ RunTime:0.009675s ]
INFO: [ view_parse ] --END-- [ RunTime:0.009749s ]
INFO: [ view_filter ] --START--
INFO: Run ContentReplace Behavior [ RunTime:0.000291s ]
INFO: Run TokenBuild Behavior [ RunTime:0.000205s ]
INFO: Run WriteHtmlCache Behavior [ RunTime:0.000122s ]
INFO: Run ShowRuntime Behavior [ RunTime:0.000258s ]
INFO: [ view_filter ] --END-- [ RunTime:0.001018s ]
INFO: [ view_end ] --START--
INFO: Run ShowPageTrace Behavior [ RunTime:0.000375s ]
INFO: [ view_end ] --END-- [ RunTime:0.000428s ]

[ 2013-06-13T20:54:55+08:00 ] 125.122.193.147 /index.php/my.js
INFO: [ route_check ] --START--
INFO: Run CheckRoute Behavior [ RunTime:0.004561s ]
INFO: [ route_check ] --END-- [ RunTime:0.004668s ]
INFO: [ app_begin ] --START--
INFO: Run ReadHtmlCache Behavior [ RunTime:0.000466s ]
INFO: [ app_begin ] --END-- [ RunTime:0.000538s ]
NOTIC: [2] session_start(): open(/var/lib/php/session/sess_d6qnrggf31pc7mopjk81hfu633, O_RDWR) failed: Permission denied (13) /opt/app/www/ThinkPHP/Common/functions.php 第 566 行.
NOTIC: [8] Undefined variable: group /opt/app/www/ThinkPHP/Lib/Core/App.class.php 第 120 行.
ERR: 无法加载模块:my.js

[ 2013-06-13T20:54:55+08:00 ] 125.122.193.147 /index.php/my.css
INFO: [ route_check ] --START--
INFO: Run CheckRoute Behavior [ RunTime:0.000498s ]
INFO: [ route_check ] --END-- [ RunTime:0.000576s ]
INFO: [ app_begin ] --START--
INFO: Run ReadHtmlCache Behavior [ RunTime:0.000369s ]
INFO: [ app_begin ] --END-- [ RunTime:0.000435s ]
NOTIC: [2] session_start(): open(/var/lib/php/session/sess_d6qnrggf31pc7mopjk81hfu633, O_RDWR) failed: Permission denied (13) /opt/app/www/ThinkPHP/Common/functions.php 第 566 行.
NOTIC: [8] Undefined variable: group /opt/app/www/ThinkPHP/Lib/Core/App.class.php 第 120 行.
ERR: 无法加载模块:my.css

[ 2013-06-13T20:54:55+08:00 ] 125.122.193.147 /index.php/impress.js
INFO: [ route_check ] --START--
INFO: Run CheckRoute Behavior [ RunTime:0.000493s ]
INFO: [ route_check ] --END-- [ RunTime:0.000590s ]
INFO: [ app_begin ] --START--
INFO: Run ReadHtmlCache Behavior [ RunTime:0.003958s ]
INFO: [ app_begin ] --END-- [ RunTime:0.004015s ]
NOTIC: [2] session_start(): open(/var/lib/php/session/sess_d6qnrggf31pc7mopjk81hfu633, O_RDWR) failed: Permission denied (13) /opt/app/www/ThinkPHP/Common/functions.php 第 566 行.
NOTIC: [8] Undefined variable: group /opt/app/www/ThinkPHP/Lib/Core/App.class.php 第 120 行.
ERR: 无法加载模块:impress.js

[ 2013-06-13T20:55:59+08:00 ] 125.122.193.147 /index.php/Story
INFO: [ route_check ] --START--
INFO: Run CheckRoute Behavior [ RunTime:0.000502s ]
INFO: [ route_check ] --END-- [ RunTime:0.000570s ]
INFO: [ app_begin ] --START--
INFO: Run ReadHtmlCache Behavior [ RunTime:0.000340s ]
INFO: [ app_begin ] --END-- [ RunTime:0.000391s ]
NOTIC: [2] session_start(): open(/var/lib/php/session/sess_d6qnrggf31pc7mopjk81hfu633, O_RDWR) failed: Permission denied (13) /opt/app/www/ThinkPHP/Common/functions.php 第 566 行.
INFO: [ view_template ] --START--
INFO: Run LocationTemplate Behavior [ RunTime:0.000172s ]
INFO: [ view_template ] --END-- [ RunTime:0.000224s ]
INFO: [ view_parse ] --START--
INFO: Run ParseTemplate Behavior [ RunTime:0.009691s ]
INFO: [ view_parse ] --END-- [ RunTime:0.009746s ]
INFO: [ view_filter ] --START--
INFO: Run ContentReplace Behavior [ RunTime:0.000240s ]
INFO: Run TokenBuild Behavior [ RunTime:0.000201s ]
INFO: Run WriteHtmlCache Behavior [ RunTime:0.000119s ]
INFO: Run ShowRuntime Behavior [ RunTime:0.000373s ]
INFO: [ view_filter ] --END-- [ RunTime:0.001100s ]
INFO: [ view_end ] --START--
INFO: Run ShowPageTrace Behavior [ RunTime:0.000427s ]
INFO: [ view_end ] --END-- [ RunTime:0.000494s ]

[ 2013-06-13T20:55:59+08:00 ] 125.122.193.147 /index.php/my.js
INFO: [ route_check ] --START--
INFO: Run CheckRoute Behavior [ RunTime:0.000475s ]
INFO: [ route_check ] --END-- [ RunTime:0.000551s ]
INFO: [ app_begin ] --START--
INFO: Run ReadHtmlCache Behavior [ RunTime:0.000292s ]
INFO: [ app_begin ] --END-- [ RunTime:0.000344s ]
NOTIC: [2] session_start(): open(/var/lib/php/session/sess_d6qnrggf31pc7mopjk81hfu633, O_RDWR) failed: Permission denied (13) /opt/app/www/ThinkPHP/Common/functions.php 第 566 行.
NOTIC: [8] Undefined variable: group /opt/app/www/ThinkPHP/Lib/Core/App.class.php 第 120 行.
ERR: 无法加载模块:my.js

[ 2013-06-13T20:55:59+08:00 ] 125.122.193.147 /index.php/my.css
INFO: [ route_check ] --START--
INFO: Run CheckRoute Behavior [ RunTime:0.000494s ]
INFO: [ route_check ] --END-- [ RunTime:0.000559s ]
INFO: [ app_begin ] --START--
INFO: Run ReadHtmlCache Behavior [ RunTime:0.000299s ]
INFO: [ app_begin ] --END-- [ RunTime:0.000348s ]
NOTIC: [2] session_start(): open(/var/lib/php/session/sess_d6qnrggf31pc7mopjk81hfu633, O_RDWR) failed: Permission denied (13) /opt/app/www/ThinkPHP/Common/functions.php 第 566 行.
NOTIC: [8] Undefined variable: group /opt/app/www/ThinkPHP/Lib/Core/App.class.php 第 120 行.
ERR: 无法加载模块:my.css

[ 2013-06-13T20:55:59+08:00 ] 125.122.193.147 /index.php/impress.js
INFO: [ route_check ] --START--
INFO: Run CheckRoute Behavior [ RunTime:0.000476s ]
INFO: [ route_check ] --END-- [ RunTime:0.000574s ]
INFO: [ app_begin ] --START--
INFO: Run ReadHtmlCache Behavior [ RunTime:0.000347s ]
INFO: [ app_begin ] --END-- [ RunTime:0.000399s ]
NOTIC: [2] session_start(): open(/var/lib/php/session/sess_d6qnrggf31pc7mopjk81hfu633, O_RDWR) failed: Permission denied (13) /opt/app/www/ThinkPHP/Common/functions.php 第 566 行.
NOTIC: [8] Undefined variable: group /opt/app/www/ThinkPHP/Lib/Core/App.class.php 第 120 行.
ERR: 无法加载模块:impress.js

[ 2013-06-13T21:02:26+08:00 ] 125.122.193.147 /index.php/Story
INFO: [ route_check ] --START--
INFO: Run CheckRoute Behavior [ RunTime:0.000496s ]
INFO: [ route_check ] --END-- [ RunTime:0.000586s ]
INFO: [ app_begin ] --START--
INFO: Run ReadHtmlCache Behavior [ RunTime:0.000297s ]
INFO: [ app_begin ] --END-- [ RunTime:0.000348s ]
NOTIC: [2] session_start(): open(/var/lib/php/session/sess_d6qnrggf31pc7mopjk81hfu633, O_RDWR) failed: Permission denied (13) /opt/app/www/ThinkPHP/Common/functions.php 第 566 行.
INFO: [ view_template ] --START--
INFO: Run LocationTemplate Behavior [ RunTime:0.000248s ]
INFO: [ view_template ] --END-- [ RunTime:0.000332s ]
INFO: [ view_parse ] --START--
INFO: Run ParseTemplate Behavior [ RunTime:0.011850s ]
INFO: [ view_parse ] --END-- [ RunTime:0.011933s ]
INFO: [ view_filter ] --START--
INFO: Run ContentReplace Behavior [ RunTime:0.000240s ]
INFO: Run TokenBuild Behavior [ RunTime:0.000201s ]
INFO: Run WriteHtmlCache Behavior [ RunTime:0.000142s ]
INFO: Run ShowRuntime Behavior [ RunTime:0.000360s ]
INFO: [ view_filter ] --END-- [ RunTime:0.001100s ]
INFO: [ view_end ] --START--
INFO: Run ShowPageTrace Behavior [ RunTime:0.000530s ]
INFO: [ view_end ] --END-- [ RunTime:0.000610s ]

[ 2013-06-13T21:02:27+08:00 ] 125.122.193.147 /index.php/my.js
INFO: [ route_check ] --START--
INFO: Run CheckRoute Behavior [ RunTime:0.000496s ]
INFO: [ route_check ] --END-- [ RunTime:0.000578s ]
INFO: [ app_begin ] --START--
INFO: Run ReadHtmlCache Behavior [ RunTime:0.000326s ]
INFO: [ app_begin ] --END-- [ RunTime:0.000378s ]
NOTIC: [2] session_start(): open(/var/lib/php/session/sess_d6qnrggf31pc7mopjk81hfu633, O_RDWR) failed: Permission denied (13) /opt/app/www/ThinkPHP/Common/functions.php 第 566 行.
NOTIC: [8] Undefined variable: group /opt/app/www/ThinkPHP/Lib/Core/App.class.php 第 120 行.
ERR: 无法加载模块:my.js

[ 2013-06-13T21:02:36+08:00 ] 125.122.193.147 /index.php/Story
INFO: [ route_check ] --START--
INFO: Run CheckRoute Behavior [ RunTime:0.000505s ]
INFO: [ route_check ] --END-- [ RunTime:0.000615s ]
INFO: [ app_begin ] --START--
INFO: Run ReadHtmlCache Behavior [ RunTime:0.000302s ]
INFO: [ app_begin ] --END-- [ RunTime:0.000353s ]
NOTIC: [2] session_start(): open(/var/lib/php/session/sess_d6qnrggf31pc7mopjk81hfu633, O_RDWR) failed: Permission denied (13) /opt/app/www/ThinkPHP/Common/functions.php 第 566 行.
INFO: [ view_template ] --START--
INFO: Run LocationTemplate Behavior [ RunTime:0.000202s ]
INFO: [ view_template ] --END-- [ RunTime:0.000255s ]
INFO: [ view_parse ] --START--
INFO: Run ParseTemplate Behavior [ RunTime:0.009175s ]
INFO: [ view_parse ] --END-- [ RunTime:0.009244s ]
INFO: [ view_filter ] --START--
INFO: Run ContentReplace Behavior [ RunTime:0.000254s ]
INFO: Run TokenBuild Behavior [ RunTime:0.000224s ]
INFO: Run WriteHtmlCache Behavior [ RunTime:0.000122s ]
INFO: Run ShowRuntime Behavior [ RunTime:0.000254s ]
INFO: [ view_filter ] --END-- [ RunTime:0.000995s ]
INFO: [ view_end ] --START--
INFO: Run ShowPageTrace Behavior [ RunTime:0.000397s ]
INFO: [ view_end ] --END-- [ RunTime:0.000451s ]

[ 2013-06-13T21:02:36+08:00 ] 125.122.193.147 /index.php/my.js
INFO: [ route_check ] --START--
INFO: Run CheckRoute Behavior [ RunTime:0.000517s ]
INFO: [ route_check ] --END-- [ RunTime:0.000602s ]
INFO: [ app_begin ] --START--
INFO: Run ReadHtmlCache Behavior [ RunTime:0.000301s ]
INFO: [ app_begin ] --END-- [ RunTime:0.000377s ]
NOTIC: [2] session_start(): open(/var/lib/php/session/sess_d6qnrggf31pc7mopjk81hfu633, O_RDWR) failed: Permission denied (13) /opt/app/www/ThinkPHP/Common/functions.php 第 566 行.
NOTIC: [8] Undefined variable: group /opt/app/www/ThinkPHP/Lib/Core/App.class.php 第 120 行.
ERR: 无法加载模块:my.js

[ 2013-06-13T21:02:41+08:00 ] 125.122.193.147 /index.php/Story
INFO: [ route_check ] --START--
INFO: Run CheckRoute Behavior [ RunTime:0.000760s ]
INFO: [ route_check ] --END-- [ RunTime:0.000857s ]
INFO: [ app_begin ] --START--
INFO: Run ReadHtmlCache Behavior [ RunTime:0.000480s ]
INFO: [ app_begin ] --END-- [ RunTime:0.000561s ]
NOTIC: [2] session_start(): open(/var/lib/php/session/sess_d6qnrggf31pc7mopjk81hfu633, O_RDWR) failed: Permission denied (13) /opt/app/www/ThinkPHP/Common/functions.php 第 566 行.
INFO: [ view_template ] --START--
INFO: Run LocationTemplate Behavior [ RunTime:0.000209s ]
INFO: [ view_template ] --END-- [ RunTime:0.000264s ]
INFO: [ view_parse ] --START--
INFO: Run ParseTemplate Behavior [ RunTime:0.010013s ]
INFO: [ view_parse ] --END-- [ RunTime:0.010099s ]
INFO: [ view_filter ] --START--
INFO: Run ContentReplace Behavior [ RunTime:0.000300s ]
INFO: Run TokenBuild Behavior [ RunTime:0.000211s ]
INFO: Run WriteHtmlCache Behavior [ RunTime:0.000155s ]
INFO: Run ShowRuntime Behavior [ RunTime:0.000268s ]
INFO: [ view_filter ] --END-- [ RunTime:0.001078s ]
INFO: [ view_end ] --START--
INFO: Run ShowPageTrace Behavior [ RunTime:0.000404s ]
INFO: [ view_end ] --END-- [ RunTime:0.000458s ]

[ 2013-06-13T21:02:41+08:00 ] 125.122.193.147 /index.php/my.js
INFO: [ route_check ] --START--
INFO: Run CheckRoute Behavior [ RunTime:0.000777s ]
INFO: [ route_check ] --END-- [ RunTime:0.000878s ]
INFO: [ app_begin ] --START--
INFO: Run ReadHtmlCache Behavior [ RunTime:0.000354s ]
INFO: [ app_begin ] --END-- [ RunTime:0.000408s ]
NOTIC: [2] session_start(): open(/var/lib/php/session/sess_d6qnrggf31pc7mopjk81hfu633, O_RDWR) failed: Permission denied (13) /opt/app/www/ThinkPHP/Common/functions.php 第 566 行.
NOTIC: [8] Undefined variable: group /opt/app/www/ThinkPHP/Lib/Core/App.class.php 第 120 行.
ERR: 无法加载模块:my.js

[ 2013-06-13T21:07:02+08:00 ] 203.208.60.76 /
INFO: [ app_begin ] --START--
INFO: Run ReadHtmlCache Behavior [ RunTime:0.000355s ]
INFO: [ app_begin ] --END-- [ RunTime:0.000431s ]
NOTIC: [2] session_start(): open(/var/lib/php/session/sess_oce5ra5bub57n1thu00f52i1c6, O_RDWR) failed: Permission denied (13) /opt/app/www/ThinkPHP/Common/functions.php 第 566 行.

[ 2013-06-13T21:08:14+08:00 ] 203.208.60.52 /
INFO: [ app_begin ] --START--
INFO: Run ReadHtmlCache Behavior [ RunTime:0.000337s ]
INFO: [ app_begin ] --END-- [ RunTime:0.000409s ]
NOTIC: [2] session_start(): open(/var/lib/php/session/sess_173v0scab5i34rlsok9ok65m75, O_RDWR) failed: Permission denied (13) /opt/app/www/ThinkPHP/Common/functions.php 第 566 行.

[ 2013-06-13T21:09:42+08:00 ] 125.122.193.147 /index.php/Story
INFO: [ route_check ] --START--
INFO: Run CheckRoute Behavior [ RunTime:0.000513s ]
INFO: [ route_check ] --END-- [ RunTime:0.000596s ]
INFO: [ app_begin ] --START--
INFO: Run ReadHtmlCache Behavior [ RunTime:0.000302s ]
INFO: [ app_begin ] --END-- [ RunTime:0.000354s ]
NOTIC: [2] session_start(): open(/var/lib/php/session/sess_d6qnrggf31pc7mopjk81hfu633, O_RDWR) failed: Permission denied (13) /opt/app/www/ThinkPHP/Common/functions.php 第 566 行.
INFO: [ view_template ] --START--
INFO: Run LocationTemplate Behavior [ RunTime:0.000192s ]
INFO: [ view_template ] --END-- [ RunTime:0.000253s ]
INFO: [ view_parse ] --START--
INFO: Run ParseTemplate Behavior [ RunTime:0.011301s ]
INFO: [ view_parse ] --END-- [ RunTime:0.011399s ]
INFO: [ view_filter ] --START--
INFO: Run ContentReplace Behavior [ RunTime:0.000426s ]
INFO: Run TokenBuild Behavior [ RunTime:0.000249s ]
INFO: Run WriteHtmlCache Behavior [ RunTime:0.000165s ]
INFO: Run ShowRuntime Behavior [ RunTime:0.000380s ]
INFO: [ view_filter ] --END-- [ RunTime:0.001433s ]
INFO: [ view_end ] --START--
INFO: Run ShowPageTrace Behavior [ RunTime:0.000623s ]
INFO: [ view_end ] --END-- [ RunTime:0.000692s ]

[ 2013-06-13T21:09:42+08:00 ] 125.122.193.147 /index.php/my.js
INFO: [ route_check ] --START--
INFO: Run CheckRoute Behavior [ RunTime:0.000491s ]
INFO: [ route_check ] --END-- [ RunTime:0.000566s ]
INFO: [ app_begin ] --START--
INFO: Run ReadHtmlCache Behavior [ RunTime:0.000324s ]
INFO: [ app_begin ] --END-- [ RunTime:0.000383s ]
NOTIC: [2] session_start(): open(/var/lib/php/session/sess_d6qnrggf31pc7mopjk81hfu633, O_RDWR) failed: Permission denied (13) /opt/app/www/ThinkPHP/Common/functions.php 第 566 行.
NOTIC: [8] Undefined variable: group /opt/app/www/ThinkPHP/Lib/Core/App.class.php 第 120 行.
ERR: 无法加载模块:my.js

[ 2013-06-13T21:09:46+08:00 ] 125.122.193.147 /index.php/Story
INFO: [ route_check ] --START--
INFO: Run CheckRoute Behavior [ RunTime:0.000493s ]
INFO: [ route_check ] --END-- [ RunTime:0.000587s ]
INFO: [ app_begin ] --START--
INFO: Run ReadHtmlCache Behavior [ RunTime:0.000299s ]
INFO: [ app_begin ] --END-- [ RunTime:0.000351s ]
NOTIC: [2] session_start(): open(/var/lib/php/session/sess_d6qnrggf31pc7mopjk81hfu633, O_RDWR) failed: Permission denied (13) /opt/app/www/ThinkPHP/Common/functions.php 第 566 行.
INFO: [ view_template ] --START--
INFO: Run LocationTemplate Behavior [ RunTime:0.000198s ]
INFO: [ view_template ] --END-- [ RunTime:0.000249s ]
INFO: [ view_parse ] --START--
INFO: Run ParseTemplate Behavior [ RunTime:0.009315s ]
INFO: [ view_parse ] --END-- [ RunTime:0.009387s ]
INFO: [ view_filter ] --START--
INFO: Run ContentReplace Behavior [ RunTime:0.000259s ]
INFO: Run TokenBuild Behavior [ RunTime:0.000231s ]
INFO: Run WriteHtmlCache Behavior [ RunTime:0.000173s ]
INFO: Run ShowRuntime Behavior [ RunTime:0.000389s ]
INFO: [ view_filter ] --END-- [ RunTime:0.001246s ]
INFO: [ view_end ] --START--
INFO: Run ShowPageTrace Behavior [ RunTime:0.000563s ]
INFO: [ view_end ] --END-- [ RunTime:0.000649s ]

[ 2013-06-13T21:09:47+08:00 ] 125.122.193.147 /index.php/my.js
INFO: [ route_check ] --START--
INFO: Run CheckRoute Behavior [ RunTime:0.000487s ]
INFO: [ route_check ] --END-- [ RunTime:0.000584s ]
INFO: [ app_begin ] --START--
INFO: Run ReadHtmlCache Behavior [ RunTime:0.000377s ]
INFO: [ app_begin ] --END-- [ RunTime:0.000436s ]
NOTIC: [2] session_start(): open(/var/lib/php/session/sess_d6qnrggf31pc7mopjk81hfu633, O_RDWR) failed: Permission denied (13) /opt/app/www/ThinkPHP/Common/functions.php 第 566 行.
NOTIC: [8] Undefined variable: group /opt/app/www/ThinkPHP/Lib/Core/App.class.php 第 120 行.
ERR: 无法加载模块:my.js

[ 2013-06-13T21:10:11+08:00 ] 125.122.193.147 /index.php/Story
INFO: [ route_check ] --START--
INFO: Run CheckRoute Behavior [ RunTime:0.000492s ]
INFO: [ route_check ] --END-- [ RunTime:0.000566s ]
INFO: [ app_begin ] --START--
INFO: Run ReadHtmlCache Behavior [ RunTime:0.000321s ]
INFO: [ app_begin ] --END-- [ RunTime:0.000388s ]
NOTIC: [2] session_start(): open(/var/lib/php/session/sess_d6qnrggf31pc7mopjk81hfu633, O_RDWR) failed: Permission denied (13) /opt/app/www/ThinkPHP/Common/functions.php 第 566 行.
INFO: [ view_template ] --START--
INFO: Run LocationTemplate Behavior [ RunTime:0.000168s ]
INFO: [ view_template ] --END-- [ RunTime:0.000220s ]
INFO: [ view_parse ] --START--
INFO: Run ParseTemplate Behavior [ RunTime:0.010390s ]
INFO: [ view_parse ] --END-- [ RunTime:0.010458s ]
INFO: [ view_filter ] --START--
INFO: Run ContentReplace Behavior [ RunTime:0.000347s ]
INFO: Run TokenBuild Behavior [ RunTime:0.000350s ]
INFO: Run WriteHtmlCache Behavior [ RunTime:0.000177s ]
INFO: Run ShowRuntime Behavior [ RunTime:0.000392s ]
INFO: [ view_filter ] --END-- [ RunTime:0.001491s ]
INFO: [ view_end ] --START--
INFO: Run ShowPageTrace Behavior [ RunTime:0.000573s ]
INFO: [ view_end ] --END-- [ RunTime:0.000649s ]

[ 2013-06-13T21:10:11+08:00 ] 125.122.193.147 /index.php/my.js
INFO: [ route_check ] --START--
INFO: Run CheckRoute Behavior [ RunTime:0.000481s ]
INFO: [ route_check ] --END-- [ RunTime:0.000556s ]
INFO: [ app_begin ] --START--
INFO: Run ReadHtmlCache Behavior [ RunTime:0.000344s ]
INFO: [ app_begin ] --END-- [ RunTime:0.000402s ]
NOTIC: [2] session_start(): open(/var/lib/php/session/sess_d6qnrggf31pc7mopjk81hfu633, O_RDWR) failed: Permission denied (13) /opt/app/www/ThinkPHP/Common/functions.php 第 566 行.
NOTIC: [8] Undefined variable: group /opt/app/www/ThinkPHP/Lib/Core/App.class.php 第 120 行.
ERR: 无法加载模块:my.js

[ 2013-06-13T21:10:15+08:00 ] 125.122.193.147 /index.php/Story
INFO: [ route_check ] --START--
INFO: Run CheckRoute Behavior [ RunTime:0.000488s ]
INFO: [ route_check ] --END-- [ RunTime:0.000570s ]
INFO: [ app_begin ] --START--
INFO: Run ReadHtmlCache Behavior [ RunTime:0.000329s ]
INFO: [ app_begin ] --END-- [ RunTime:0.000381s ]
NOTIC: [2] session_start(): open(/var/lib/php/session/sess_d6qnrggf31pc7mopjk81hfu633, O_RDWR) failed: Permission denied (13) /opt/app/www/ThinkPHP/Common/functions.php 第 566 行.
INFO: [ view_template ] --START--
INFO: Run LocationTemplate Behavior [ RunTime:0.000173s ]
INFO: [ view_template ] --END-- [ RunTime:0.000226s ]
INFO: [ view_parse ] --START--
INFO: Run ParseTemplate Behavior [ RunTime:0.009049s ]
INFO: [ view_parse ] --END-- [ RunTime:0.009123s ]
INFO: [ view_filter ] --START--
INFO: Run ContentReplace Behavior [ RunTime:0.000303s ]
INFO: Run TokenBuild Behavior [ RunTime:0.000214s ]
INFO: Run WriteHtmlCache Behavior [ RunTime:0.000125s ]
INFO: Run ShowRuntime Behavior [ RunTime:0.000284s ]
INFO: [ view_filter ] --END-- [ RunTime:0.001075s ]
INFO: [ view_end ] --START--
INFO: Run ShowPageTrace Behavior [ RunTime:0.000366s ]
INFO: [ view_end ] --END-- [ RunTime:0.000419s ]

[ 2013-06-13T21:10:16+08:00 ] 125.122.193.147 /index.php/my.js
INFO: [ route_check ] --START--
INFO: Run CheckRoute Behavior [ RunTime:0.000557s ]
INFO: [ route_check ] --END-- [ RunTime:0.000625s ]
INFO: [ app_begin ] --START--
INFO: Run ReadHtmlCache Behavior [ RunTime:0.000295s ]
INFO: [ app_begin ] --END-- [ RunTime:0.000347s ]
NOTIC: [2] session_start(): open(/var/lib/php/session/sess_d6qnrggf31pc7mopjk81hfu633, O_RDWR) failed: Permission denied (13) /opt/app/www/ThinkPHP/Common/functions.php 第 566 行.
NOTIC: [8] Undefined variable: group /opt/app/www/ThinkPHP/Lib/Core/App.class.php 第 120 行.
ERR: 无法加载模块:my.js

[ 2013-06-13T21:10:18+08:00 ] 125.122.193.147 /index.php/Story
INFO: [ route_check ] --START--
INFO: Run CheckRoute Behavior [ RunTime:0.000521s ]
INFO: [ route_check ] --END-- [ RunTime:0.000607s ]
INFO: [ app_begin ] --START--
INFO: Run ReadHtmlCache Behavior [ RunTime:0.000327s ]
INFO: [ app_begin ] --END-- [ RunTime:0.000380s ]
NOTIC: [2] session_start(): open(/var/lib/php/session/sess_d6qnrggf31pc7mopjk81hfu633, O_RDWR) failed: Permission denied (13) /opt/app/www/ThinkPHP/Common/functions.php 第 566 行.
INFO: [ view_template ] --START--
INFO: Run LocationTemplate Behavior [ RunTime:0.000175s ]
INFO: [ view_template ] --END-- [ RunTime:0.000227s ]
INFO: [ view_parse ] --START--
INFO: Run ParseTemplate Behavior [ RunTime:0.008827s ]
INFO: [ view_parse ] --END-- [ RunTime:0.008899s ]
INFO: [ view_filter ] --START--
INFO: Run ContentReplace Behavior [ RunTime:0.000262s ]
INFO: Run TokenBuild Behavior [ RunTime:0.000227s ]
INFO: Run WriteHtmlCache Behavior [ RunTime:0.000124s ]
INFO: Run ShowRuntime Behavior [ RunTime:0.000262s ]
INFO: [ view_filter ] --END-- [ RunTime:0.001019s ]
INFO: [ view_end ] --START--
INFO: Run ShowPageTrace Behavior [ RunTime:0.000374s ]
INFO: [ view_end ] --END-- [ RunTime:0.000450s ]

[ 2013-06-13T21:10:18+08:00 ] 125.122.193.147 /index.php/my.js
INFO: [ route_check ] --START--
INFO: Run CheckRoute Behavior [ RunTime:0.000778s ]
INFO: [ route_check ] --END-- [ RunTime:0.000863s ]
INFO: [ app_begin ] --START--
INFO: Run ReadHtmlCache Behavior [ RunTime:0.000305s ]
INFO: [ app_begin ] --END-- [ RunTime:0.000357s ]
NOTIC: [2] session_start(): open(/var/lib/php/session/sess_d6qnrggf31pc7mopjk81hfu633, O_RDWR) failed: Permission denied (13) /opt/app/www/ThinkPHP/Common/functions.php 第 566 行.
NOTIC: [8] Undefined variable: group /opt/app/www/ThinkPHP/Lib/Core/App.class.php 第 120 行.
ERR: 无法加载模块:my.js

[ 2013-06-13T21:10:18+08:00 ] 125.122.193.147 /index.php/Story
INFO: [ route_check ] --START--
INFO: Run CheckRoute Behavior [ RunTime:0.000759s ]
INFO: [ route_check ] --END-- [ RunTime:0.000889s ]
INFO: [ app_begin ] --START--
INFO: Run ReadHtmlCache Behavior [ RunTime:0.000449s ]
INFO: [ app_begin ] --END-- [ RunTime:0.000530s ]
NOTIC: [2] session_start(): open(/var/lib/php/session/sess_d6qnrggf31pc7mopjk81hfu633, O_RDWR) failed: Permission denied (13) /opt/app/www/ThinkPHP/Common/functions.php 第 566 行.
INFO: [ view_template ] --START--
INFO: Run LocationTemplate Behavior [ RunTime:0.000246s ]
INFO: [ view_template ] --END-- [ RunTime:0.000329s ]
INFO: [ view_parse ] --START--
INFO: Run ParseTemplate Behavior [ RunTime:0.010423s ]
INFO: [ view_parse ] --END-- [ RunTime:0.010510s ]
INFO: [ view_filter ] --START--
INFO: Run ContentReplace Behavior [ RunTime:0.000315s ]
INFO: Run TokenBuild Behavior [ RunTime:0.000206s ]
INFO: Run WriteHtmlCache Behavior [ RunTime:0.000156s ]
INFO: Run ShowRuntime Behavior [ RunTime:0.000285s ]
INFO: [ view_filter ] --END-- [ RunTime:0.001125s ]
INFO: [ view_end ] --START--
INFO: Run ShowPageTrace Behavior [ RunTime:0.000384s ]
INFO: [ view_end ] --END-- [ RunTime:0.000439s ]

[ 2013-06-13T21:10:23+08:00 ] 125.122.193.147 /index.php/Story
INFO: [ route_check ] --START--
INFO: Run CheckRoute Behavior [ RunTime:0.000510s ]
INFO: [ route_check ] --END-- [ RunTime:0.000590s ]
INFO: [ app_begin ] --START--
INFO: Run ReadHtmlCache Behavior [ RunTime:0.000305s ]
INFO: [ app_begin ] --END-- [ RunTime:0.000356s ]
NOTIC: [2] session_start(): open(/var/lib/php/session/sess_d6qnrggf31pc7mopjk81hfu633, O_RDWR) failed: Permission denied (13) /opt/app/www/ThinkPHP/Common/functions.php 第 566 行.
INFO: [ view_template ] --START--
INFO: Run LocationTemplate Behavior [ RunTime:0.000174s ]
INFO: [ view_template ] --END-- [ RunTime:0.000225s ]
INFO: [ view_parse ] --START--
INFO: Run ParseTemplate Behavior [ RunTime:0.009940s ]
INFO: [ view_parse ] --END-- [ RunTime:0.010016s ]
INFO: [ view_filter ] --START--
INFO: Run ContentReplace Behavior [ RunTime:0.000264s ]
INFO: Run TokenBuild Behavior [ RunTime:0.000230s ]
INFO: Run WriteHtmlCache Behavior [ RunTime:0.000125s ]
INFO: Run ShowRuntime Behavior [ RunTime:0.000257s ]
INFO: [ view_filter ] --END-- [ RunTime:0.001020s ]
INFO: [ view_end ] --START--
INFO: Run ShowPageTrace Behavior [ RunTime:0.000384s ]
INFO: [ view_end ] --END-- [ RunTime:0.000436s ]

[ 2013-06-13T21:11:51+08:00 ] 125.122.193.147 /index.php/Story/index.html
INFO: [ route_check ] --START--
INFO: Run CheckRoute Behavior [ RunTime:0.000498s ]
INFO: [ route_check ] --END-- [ RunTime:0.000575s ]
INFO: [ app_begin ] --START--
INFO: Run ReadHtmlCache Behavior [ RunTime:0.000296s ]
INFO: [ app_begin ] --END-- [ RunTime:0.000352s ]
NOTIC: [2] session_start(): open(/var/lib/php/session/sess_d6qnrggf31pc7mopjk81hfu633, O_RDWR) failed: Permission denied (13) /opt/app/www/ThinkPHP/Common/functions.php 第 566 行.
INFO: [ view_template ] --START--
INFO: Run LocationTemplate Behavior [ RunTime:0.000170s ]
INFO: [ view_template ] --END-- [ RunTime:0.000222s ]
INFO: [ view_parse ] --START--
INFO: Run ParseTemplate Behavior [ RunTime:0.010811s ]
INFO: [ view_parse ] --END-- [ RunTime:0.010899s ]
INFO: [ view_filter ] --START--
INFO: Run ContentReplace Behavior [ RunTime:0.000298s ]
INFO: Run TokenBuild Behavior [ RunTime:0.000207s ]
INFO: Run WriteHtmlCache Behavior [ RunTime:0.000127s ]
INFO: Run ShowRuntime Behavior [ RunTime:0.000289s ]
INFO: [ view_filter ] --END-- [ RunTime:0.001090s ]
INFO: [ view_end ] --START--
INFO: Run ShowPageTrace Behavior [ RunTime:0.000375s ]
INFO: [ view_end ] --END-- [ RunTime:0.000427s ]

[ 2013-06-13T21:11:51+08:00 ] 125.122.193.147 /index.php/Story/my.js
INFO: [ route_check ] --START--
INFO: Run CheckRoute Behavior [ RunTime:0.000484s ]
INFO: [ route_check ] --END-- [ RunTime:0.000560s ]
INFO: [ app_begin ] --START--
INFO: Run ReadHtmlCache Behavior [ RunTime:0.000324s ]
INFO: [ app_begin ] --END-- [ RunTime:0.000375s ]
NOTIC: [2] session_start(): open(/var/lib/php/session/sess_d6qnrggf31pc7mopjk81hfu633, O_RDWR) failed: Permission denied (13) /opt/app/www/ThinkPHP/Common/functions.php 第 566 行.
ERR: 非法操作:my.js

[ 2013-06-13T21:14:06+08:00 ] 125.122.193.147 /index.php/Story
INFO: [ route_check ] --START--
INFO: Run CheckRoute Behavior [ RunTime:0.000699s ]
INFO: [ route_check ] --END-- [ RunTime:0.000805s ]
INFO: [ app_begin ] --START--
INFO: Run ReadHtmlCache Behavior [ RunTime:0.000403s ]
INFO: [ app_begin ] --END-- [ RunTime:0.000473s ]
NOTIC: [2] session_start(): open(/var/lib/php/session/sess_d6qnrggf31pc7mopjk81hfu633, O_RDWR) failed: Permission denied (13) /opt/app/www/ThinkPHP/Common/functions.php 第 566 行.
INFO: [ view_template ] --START--
INFO: Run LocationTemplate Behavior [ RunTime:0.000226s ]
INFO: [ view_template ] --END-- [ RunTime:0.000302s ]
INFO: [ view_parse ] --START--
INFO: Run ParseTemplate Behavior [ RunTime:0.010541s ]
INFO: [ view_parse ] --END-- [ RunTime:0.010617s ]
INFO: [ view_filter ] --START--
INFO: Run ContentReplace Behavior [ RunTime:0.000258s ]
INFO: Run TokenBuild Behavior [ RunTime:0.000204s ]
INFO: Run WriteHtmlCache Behavior [ RunTime:0.000150s ]
INFO: Run ShowRuntime Behavior [ RunTime:0.000261s ]
INFO: [ view_filter ] --END-- [ RunTime:0.001016s ]
INFO: [ view_end ] --START--
INFO: Run ShowPageTrace Behavior [ RunTime:0.000394s ]
INFO: [ view_end ] --END-- [ RunTime:0.000447s ]

[ 2013-06-13T21:14:06+08:00 ] 125.122.193.147 /index.php/my.js
INFO: [ route_check ] --START--
INFO: Run CheckRoute Behavior [ RunTime:0.000507s ]
INFO: [ route_check ] --END-- [ RunTime:0.000581s ]
INFO: [ app_begin ] --START--
INFO: Run ReadHtmlCache Behavior [ RunTime:0.000334s ]
INFO: [ app_begin ] --END-- [ RunTime:0.000385s ]
NOTIC: [2] session_start(): open(/var/lib/php/session/sess_d6qnrggf31pc7mopjk81hfu633, O_RDWR) failed: Permission denied (13) /opt/app/www/ThinkPHP/Common/functions.php 第 566 行.
NOTIC: [8] Undefined variable: group /opt/app/www/ThinkPHP/Lib/Core/App.class.php 第 120 行.
ERR: 无法加载模块:my.js

[ 2013-06-13T21:17:10+08:00 ] 125.122.193.147 /index.php/Story/index.html
INFO: [ route_check ] --START--
INFO: Run CheckRoute Behavior [ RunTime:0.000498s ]
INFO: [ route_check ] --END-- [ RunTime:0.000585s ]
INFO: [ app_begin ] --START--
INFO: Run ReadHtmlCache Behavior [ RunTime:0.000304s ]
INFO: [ app_begin ] --END-- [ RunTime:0.000355s ]
NOTIC: [2] session_start(): open(/var/lib/php/session/sess_d6qnrggf31pc7mopjk81hfu633, O_RDWR) failed: Permission denied (13) /opt/app/www/ThinkPHP/Common/functions.php 第 566 行.
INFO: [ view_template ] --START--
INFO: Run LocationTemplate Behavior [ RunTime:0.000201s ]
INFO: [ view_template ] --END-- [ RunTime:0.000255s ]
INFO: [ view_parse ] --START--
INFO: Run ParseTemplate Behavior [ RunTime:0.008893s ]
INFO: [ view_parse ] --END-- [ RunTime:0.008968s ]
INFO: [ view_filter ] --START--
INFO: Run ContentReplace Behavior [ RunTime:0.000272s ]
INFO: Run TokenBuild Behavior [ RunTime:0.000206s ]
INFO: Run WriteHtmlCache Behavior [ RunTime:0.000125s ]
INFO: Run ShowRuntime Behavior [ RunTime:0.000289s ]
INFO: [ view_filter ] --END-- [ RunTime:0.001037s ]
INFO: [ view_end ] --START--
INFO: Run ShowPageTrace Behavior [ RunTime:0.000373s ]
INFO: [ view_end ] --END-- [ RunTime:0.000427s ]

[ 2013-06-13T21:17:11+08:00 ] 125.122.193.147 /index.php/Story/my.js
INFO: [ route_check ] --START--
INFO: Run CheckRoute Behavior [ RunTime:0.000507s ]
INFO: [ route_check ] --END-- [ RunTime:0.000581s ]
INFO: [ app_begin ] --START--
INFO: Run ReadHtmlCache Behavior [ RunTime:0.000298s ]
INFO: [ app_begin ] --END-- [ RunTime:0.000348s ]
NOTIC: [2] session_start(): open(/var/lib/php/session/sess_d6qnrggf31pc7mopjk81hfu633, O_RDWR) failed: Permission denied (13) /opt/app/www/ThinkPHP/Common/functions.php 第 566 行.
ERR: 非法操作:my.js

[ 2013-06-13T21:17:47+08:00 ] 125.122.193.147 /index.php/Story/index.html
INFO: [ route_check ] --START--
INFO: Run CheckRoute Behavior [ RunTime:0.000680s ]
INFO: [ route_check ] --END-- [ RunTime:0.000784s ]
INFO: [ app_begin ] --START--
INFO: Run ReadHtmlCache Behavior [ RunTime:0.000306s ]
INFO: [ app_begin ] --END-- [ RunTime:0.000358s ]
NOTIC: [2] session_start(): open(/var/lib/php/session/sess_d6qnrggf31pc7mopjk81hfu633, O_RDWR) failed: Permission denied (13) /opt/app/www/ThinkPHP/Common/functions.php 第 566 行.
INFO: [ view_template ] --START--
INFO: Run LocationTemplate Behavior [ RunTime:0.000198s ]
INFO: [ view_template ] --END-- [ RunTime:0.000250s ]
INFO: [ view_parse ] --START--
INFO: Run ParseTemplate Behavior [ RunTime:0.009278s ]
INFO: [ view_parse ] --END-- [ RunTime:0.009345s ]
INFO: [ view_filter ] --START--
INFO: Run ContentReplace Behavior [ RunTime:0.000506s ]
INFO: Run TokenBuild Behavior [ RunTime:0.000216s ]
INFO: Run WriteHtmlCache Behavior [ RunTime:0.000134s ]
INFO: Run ShowRuntime Behavior [ RunTime:0.000266s ]
INFO: [ view_filter ] --END-- [ RunTime:0.001297s ]
INFO: [ view_end ] --START--
INFO: Run ShowPageTrace Behavior [ RunTime:0.000367s ]
INFO: [ view_end ] --END-- [ RunTime:0.000420s ]

[ 2013-06-13T21:17:47+08:00 ] 125.122.193.147 /index.php/Story/my.js
INFO: [ route_check ] --START--
INFO: Run CheckRoute Behavior [ RunTime:0.000493s ]
INFO: [ route_check ] --END-- [ RunTime:0.000564s ]
INFO: [ app_begin ] --START--
INFO: Run ReadHtmlCache Behavior [ RunTime:0.000294s ]
INFO: [ app_begin ] --END-- [ RunTime:0.000346s ]
NOTIC: [2] session_start(): open(/var/lib/php/session/sess_d6qnrggf31pc7mopjk81hfu633, O_RDWR) failed: Permission denied (13) /opt/app/www/ThinkPHP/Common/functions.php 第 566 行.
ERR: 非法操作:my.js

[ 2013-06-13T21:20:45+08:00 ] 125.122.193.147 /index.php/Story/index.html
INFO: [ route_check ] --START--
INFO: Run CheckRoute Behavior [ RunTime:0.000488s ]
INFO: [ route_check ] --END-- [ RunTime:0.000567s ]
INFO: [ app_begin ] --START--
INFO: Run ReadHtmlCache Behavior [ RunTime:0.000328s ]
INFO: [ app_begin ] --END-- [ RunTime:0.000380s ]
NOTIC: [2] session_start(): open(/var/lib/php/session/sess_d6qnrggf31pc7mopjk81hfu633, O_RDWR) failed: Permission denied (13) /opt/app/www/ThinkPHP/Common/functions.php 第 566 行.
INFO: [ view_template ] --START--
INFO: Run LocationTemplate Behavior [ RunTime:0.000173s ]
INFO: [ view_template ] --END-- [ RunTime:0.000224s ]
INFO: [ view_parse ] --START--
INFO: Run ParseTemplate Behavior [ RunTime:0.002219s ]
INFO: [ view_parse ] --END-- [ RunTime:0.002274s ]
INFO: [ view_filter ] --START--
INFO: Run ContentReplace Behavior [ RunTime:0.000177s ]
INFO: Run TokenBuild Behavior [ RunTime:0.000195s ]
INFO: Run WriteHtmlCache Behavior [ RunTime:0.000116s ]
INFO: Run ShowRuntime Behavior [ RunTime:0.000272s ]
INFO: [ view_filter ] --END-- [ RunTime:0.000906s ]
INFO: [ view_end ] --START--
INFO: Run ShowPageTrace Behavior [ RunTime:0.000346s ]
INFO: [ view_end ] --END-- [ RunTime:0.000393s ]

[ 2013-06-13T21:21:53+08:00 ] 125.122.193.147 /index.php/Story/index.html
INFO: [ route_check ] --START--
INFO: Run CheckRoute Behavior [ RunTime:0.000489s ]
INFO: [ route_check ] --END-- [ RunTime:0.000596s ]
INFO: [ app_begin ] --START--
INFO: Run ReadHtmlCache Behavior [ RunTime:0.000324s ]
INFO: [ app_begin ] --END-- [ RunTime:0.000376s ]
NOTIC: [2] session_start(): open(/var/lib/php/session/sess_d6qnrggf31pc7mopjk81hfu633, O_RDWR) failed: Permission denied (13) /opt/app/www/ThinkPHP/Common/functions.php 第 566 行.
INFO: [ view_template ] --START--
INFO: Run LocationTemplate Behavior [ RunTime:0.000171s ]
INFO: [ view_template ] --END-- [ RunTime:0.000224s ]
INFO: [ view_parse ] --START--
INFO: Run ParseTemplate Behavior [ RunTime:0.009006s ]
INFO: [ view_parse ] --END-- [ RunTime:0.009076s ]
INFO: [ view_filter ] --START--
INFO: Run ContentReplace Behavior [ RunTime:0.000289s ]
INFO: Run TokenBuild Behavior [ RunTime:0.000203s ]
INFO: Run WriteHtmlCache Behavior [ RunTime:0.000122s ]
INFO: Run ShowRuntime Behavior [ RunTime:0.000257s ]
INFO: [ view_filter ] --END-- [ RunTime:0.001009s ]
INFO: [ view_end ] --START--
INFO: Run ShowPageTrace Behavior [ RunTime:0.000367s ]
INFO: [ view_end ] --END-- [ RunTime:0.000419s ]

[ 2013-06-13T21:21:53+08:00 ] 125.122.193.147 /index.php/Story/my.js
INFO: [ route_check ] --START--
INFO: Run CheckRoute Behavior [ RunTime:0.000482s ]
INFO: [ route_check ] --END-- [ RunTime:0.000585s ]
INFO: [ app_begin ] --START--
INFO: Run ReadHtmlCache Behavior [ RunTime:0.000303s ]
INFO: [ app_begin ] --END-- [ RunTime:0.000355s ]
NOTIC: [2] session_start(): open(/var/lib/php/session/sess_d6qnrggf31pc7mopjk81hfu633, O_RDWR) failed: Permission denied (13) /opt/app/www/ThinkPHP/Common/functions.php 第 566 行.
ERR: 非法操作:my.js

[ 2013-06-13T21:21:58+08:00 ] 125.122.193.147 /index.php/Story/index.html
INFO: [ route_check ] --START--
INFO: Run CheckRoute Behavior [ RunTime:0.000757s ]
INFO: [ route_check ] --END-- [ RunTime:0.000856s ]
INFO: [ app_begin ] --START--
INFO: Run ReadHtmlCache Behavior [ RunTime:0.000440s ]
INFO: [ app_begin ] --END-- [ RunTime:0.000515s ]
NOTIC: [2] session_start(): open(/var/lib/php/session/sess_d6qnrggf31pc7mopjk81hfu633, O_RDWR) failed: Permission denied (13) /opt/app/www/ThinkPHP/Common/functions.php 第 566 行.
INFO: [ view_template ] --START--
INFO: Run LocationTemplate Behavior [ RunTime:0.000175s ]
INFO: [ view_template ] --END-- [ RunTime:0.000227s ]
INFO: [ view_parse ] --START--
INFO: Run ParseTemplate Behavior [ RunTime:0.009638s ]
INFO: [ view_parse ] --END-- [ RunTime:0.009714s ]
INFO: [ view_filter ] --START--
INFO: Run ContentReplace Behavior [ RunTime:0.000271s ]
INFO: Run TokenBuild Behavior [ RunTime:0.000203s ]
INFO: Run WriteHtmlCache Behavior [ RunTime:0.000147s ]
INFO: Run ShowRuntime Behavior [ RunTime:0.000263s ]
INFO: [ view_filter ] --END-- [ RunTime:0.001027s ]
INFO: [ view_end ] --START--
INFO: Run ShowPageTrace Behavior [ RunTime:0.000397s ]
INFO: [ view_end ] --END-- [ RunTime:0.000450s ]

[ 2013-06-13T21:21:58+08:00 ] 125.122.193.147 /index.php/Story/my.js
INFO: [ route_check ] --START--
INFO: Run CheckRoute Behavior [ RunTime:0.000491s ]
INFO: [ route_check ] --END-- [ RunTime:0.000559s ]
INFO: [ app_begin ] --START--
INFO: Run ReadHtmlCache Behavior [ RunTime:0.000420s ]
INFO: [ app_begin ] --END-- [ RunTime:0.000486s ]
NOTIC: [2] session_start(): open(/var/lib/php/session/sess_d6qnrggf31pc7mopjk81hfu633, O_RDWR) failed: Permission denied (13) /opt/app/www/ThinkPHP/Common/functions.php 第 566 行.
ERR: 非法操作:my.js

[ 2013-06-13T21:22:36+08:00 ] 125.122.193.147 /index.php/Story/index.html
INFO: [ route_check ] --START--
INFO: Run CheckRoute Behavior [ RunTime:0.000815s ]
INFO: [ route_check ] --END-- [ RunTime:0.000923s ]
INFO: [ app_begin ] --START--
INFO: Run ReadHtmlCache Behavior [ RunTime:0.000502s ]
INFO: [ app_begin ] --END-- [ RunTime:0.000585s ]
NOTIC: [2] session_start(): open(/var/lib/php/session/sess_d6qnrggf31pc7mopjk81hfu633, O_RDWR) failed: Permission denied (13) /opt/app/www/ThinkPHP/Common/functions.php 第 566 行.
INFO: [ view_template ] --START--
INFO: Run LocationTemplate Behavior [ RunTime:0.000265s ]
INFO: [ view_template ] --END-- [ RunTime:0.000349s ]
INFO: [ view_parse ] --START--
INFO: Run ParseTemplate Behavior [ RunTime:0.010430s ]
INFO: [ view_parse ] --END-- [ RunTime:0.010521s ]
INFO: [ view_filter ] --START--
INFO: Run ContentReplace Behavior [ RunTime:0.000262s ]
INFO: Run TokenBuild Behavior [ RunTime:0.000207s ]
INFO: Run WriteHtmlCache Behavior [ RunTime:0.000127s ]
INFO: Run ShowRuntime Behavior [ RunTime:0.000289s ]
INFO: [ view_filter ] --END-- [ RunTime:0.001030s ]
INFO: [ view_end ] --START--
INFO: Run ShowPageTrace Behavior [ RunTime:0.000378s ]
INFO: [ view_end ] --END-- [ RunTime:0.000430s ]

[ 2013-06-13T21:22:36+08:00 ] 125.122.193.147 /index.php/Story/my.js
INFO: [ route_check ] --START--
INFO: Run CheckRoute Behavior [ RunTime:0.000515s ]
INFO: [ route_check ] --END-- [ RunTime:0.000598s ]
INFO: [ app_begin ] --START--
INFO: Run ReadHtmlCache Behavior [ RunTime:0.000302s ]
INFO: [ app_begin ] --END-- [ RunTime:0.000353s ]
NOTIC: [2] session_start(): open(/var/lib/php/session/sess_d6qnrggf31pc7mopjk81hfu633, O_RDWR) failed: Permission denied (13) /opt/app/www/ThinkPHP/Common/functions.php 第 566 行.
ERR: 非法操作:my.js

[ 2013-06-13T21:23:34+08:00 ] 125.122.193.147 /index.php/Story/index.html
INFO: [ route_check ] --START--
INFO: Run CheckRoute Behavior [ RunTime:0.000506s ]
INFO: [ route_check ] --END-- [ RunTime:0.000581s ]
INFO: [ app_begin ] --START--
INFO: Run ReadHtmlCache Behavior [ RunTime:0.000298s ]
INFO: [ app_begin ] --END-- [ RunTime:0.000347s ]
NOTIC: [2] session_start(): open(/var/lib/php/session/sess_d6qnrggf31pc7mopjk81hfu633, O_RDWR) failed: Permission denied (13) /opt/app/www/ThinkPHP/Common/functions.php 第 566 行.
INFO: [ view_template ] --START--
INFO: Run LocationTemplate Behavior [ RunTime:0.000174s ]
INFO: [ view_template ] --END-- [ RunTime:0.000225s ]
INFO: [ view_parse ] --START--
INFO: Run ParseTemplate Behavior [ RunTime:0.009569s ]
INFO: [ view_parse ] --END-- [ RunTime:0.009638s ]
INFO: [ view_filter ] --START--
INFO: Run ContentReplace Behavior [ RunTime:0.000259s ]
INFO: Run TokenBuild Behavior [ RunTime:0.000202s ]
INFO: Run WriteHtmlCache Behavior [ RunTime:0.000123s ]
INFO: Run ShowRuntime Behavior [ RunTime:0.000281s ]
INFO: [ view_filter ] --END-- [ RunTime:0.001009s ]
INFO: [ view_end ] --START--
INFO: Run ShowPageTrace Behavior [ RunTime:0.000371s ]
INFO: [ view_end ] --END-- [ RunTime:0.000425s ]

[ 2013-06-13T21:23:34+08:00 ] 125.122.193.147 /index.php/Story/my.js
INFO: [ route_check ] --START--
INFO: Run CheckRoute Behavior [ RunTime:0.000497s ]
INFO: [ route_check ] --END-- [ RunTime:0.000585s ]
INFO: [ app_begin ] --START--
INFO: Run ReadHtmlCache Behavior [ RunTime:0.000324s ]
INFO: [ app_begin ] --END-- [ RunTime:0.000375s ]
NOTIC: [2] session_start(): open(/var/lib/php/session/sess_d6qnrggf31pc7mopjk81hfu633, O_RDWR) failed: Permission denied (13) /opt/app/www/ThinkPHP/Common/functions.php 第 566 行.
ERR: 非法操作:my.js

[ 2013-06-13T21:34:17+08:00 ] 125.122.193.147 /index.php/Story/index.html
INFO: [ route_check ] --START--
INFO: Run CheckRoute Behavior [ RunTime:0.000513s ]
INFO: [ route_check ] --END-- [ RunTime:0.000588s ]
INFO: [ app_begin ] --START--
INFO: Run ReadHtmlCache Behavior [ RunTime:0.000301s ]
INFO: [ app_begin ] --END-- [ RunTime:0.000353s ]
NOTIC: [2] session_start(): open(/var/lib/php/session/sess_d6qnrggf31pc7mopjk81hfu633, O_RDWR) failed: Permission denied (13) /opt/app/www/ThinkPHP/Common/functions.php 第 566 行.
INFO: [ view_template ] --START--
INFO: Run LocationTemplate Behavior [ RunTime:0.000174s ]
INFO: [ view_template ] --END-- [ RunTime:0.000228s ]
INFO: [ view_parse ] --START--
INFO: Run ParseTemplate Behavior [ RunTime:0.012085s ]
INFO: [ view_parse ] --END-- [ RunTime:0.012196s ]
INFO: [ view_filter ] --START--
INFO: Run ContentReplace Behavior [ RunTime:0.000424s ]
INFO: Run TokenBuild Behavior [ RunTime:0.000264s ]
INFO: Run WriteHtmlCache Behavior [ RunTime:0.000131s ]
INFO: Run ShowRuntime Behavior [ RunTime:0.000268s ]
INFO: [ view_filter ] --END-- [ RunTime:0.001259s ]
INFO: [ view_end ] --START--
INFO: Run ShowPageTrace Behavior [ RunTime:0.000378s ]
INFO: [ view_end ] --END-- [ RunTime:0.000431s ]

[ 2013-06-13T21:34:17+08:00 ] 125.122.193.147 /index.php/Story/my.js
INFO: [ route_check ] --START--
INFO: Run CheckRoute Behavior [ RunTime:0.000630s ]
INFO: [ route_check ] --END-- [ RunTime:0.000717s ]
INFO: [ app_begin ] --START--
INFO: Run ReadHtmlCache Behavior [ RunTime:0.000420s ]
INFO: [ app_begin ] --END-- [ RunTime:0.000487s ]
NOTIC: [2] session_start(): open(/var/lib/php/session/sess_d6qnrggf31pc7mopjk81hfu633, O_RDWR) failed: Permission denied (13) /opt/app/www/ThinkPHP/Common/functions.php 第 566 行.
ERR: 非法操作:my.js

[ 2013-06-13T21:34:38+08:00 ] 125.122.193.147 /index.php/Story/index.html
INFO: [ route_check ] --START--
INFO: Run CheckRoute Behavior [ RunTime:0.000494s ]
INFO: [ route_check ] --END-- [ RunTime:0.000577s ]
INFO: [ app_begin ] --START--
INFO: Run ReadHtmlCache Behavior [ RunTime:0.000308s ]
INFO: [ app_begin ] --END-- [ RunTime:0.000366s ]
NOTIC: [2] session_start(): open(/var/lib/php/session/sess_d6qnrggf31pc7mopjk81hfu633, O_RDWR) failed: Permission denied (13) /opt/app/www/ThinkPHP/Common/functions.php 第 566 行.
INFO: [ view_template ] --START--
INFO: Run LocationTemplate Behavior [ RunTime:0.000197s ]
INFO: [ view_template ] --END-- [ RunTime:0.000250s ]
INFO: [ view_parse ] --START--
INFO: Run ParseTemplate Behavior [ RunTime:0.009513s ]
INFO: [ view_parse ] --END-- [ RunTime:0.009585s ]
INFO: [ view_filter ] --START--
INFO: Run ContentReplace Behavior [ RunTime:0.000276s ]
INFO: Run TokenBuild Behavior [ RunTime:0.000205s ]
INFO: Run WriteHtmlCache Behavior [ RunTime:0.000123s ]
INFO: Run ShowRuntime Behavior [ RunTime:0.000260s ]
INFO: [ view_filter ] --END-- [ RunTime:0.001010s ]
INFO: [ view_end ] --START--
INFO: Run ShowPageTrace Behavior [ RunTime:0.000383s ]
INFO: [ view_end ] --END-- [ RunTime:0.000438s ]

[ 2013-06-13T21:34:38+08:00 ] 125.122.193.147 /index.php/Story/my.js
INFO: [ route_check ] --START--
INFO: Run CheckRoute Behavior [ RunTime:0.000501s ]
INFO: [ route_check ] --END-- [ RunTime:0.000612s ]
INFO: [ app_begin ] --START--
INFO: Run ReadHtmlCache Behavior [ RunTime:0.000329s ]
INFO: [ app_begin ] --END-- [ RunTime:0.000381s ]
NOTIC: [2] session_start(): open(/var/lib/php/session/sess_d6qnrggf31pc7mopjk81hfu633, O_RDWR) failed: Permission denied (13) /opt/app/www/ThinkPHP/Common/functions.php 第 566 行.
ERR: 非法操作:my.js

[ 2013-06-13T21:34:39+08:00 ] 125.122.193.147 /index.php/Story/index.html
INFO: [ route_check ] --START--
INFO: Run CheckRoute Behavior [ RunTime:0.000502s ]
INFO: [ route_check ] --END-- [ RunTime:0.000589s ]
INFO: [ app_begin ] --START--
INFO: Run ReadHtmlCache Behavior [ RunTime:0.000327s ]
INFO: [ app_begin ] --END-- [ RunTime:0.000379s ]
NOTIC: [2] session_start(): open(/var/lib/php/session/sess_d6qnrggf31pc7mopjk81hfu633, O_RDWR) failed: Permission denied (13) /opt/app/www/ThinkPHP/Common/functions.php 第 566 行.
INFO: [ view_template ] --START--
INFO: Run LocationTemplate Behavior [ RunTime:0.000172s ]
INFO: [ view_template ] --END-- [ RunTime:0.000224s ]
INFO: [ view_parse ] --START--
INFO: Run ParseTemplate Behavior [ RunTime:0.009022s ]
INFO: [ view_parse ] --END-- [ RunTime:0.009074s ]
INFO: [ view_filter ] --START--
INFO: Run ContentReplace Behavior [ RunTime:0.000245s ]
INFO: Run TokenBuild Behavior [ RunTime:0.000202s ]
INFO: Run WriteHtmlCache Behavior [ RunTime:0.000121s ]
INFO: Run ShowRuntime Behavior [ RunTime:0.000254s ]
INFO: [ view_filter ] --END-- [ RunTime:0.000964s ]
INFO: [ view_end ] --START--
INFO: Run ShowPageTrace Behavior [ RunTime:0.000505s ]
INFO: [ view_end ] --END-- [ RunTime:0.000607s ]

[ 2013-06-13T21:34:39+08:00 ] 125.122.193.147 /index.php/Story/my.js
INFO: [ route_check ] --START--
INFO: Run CheckRoute Behavior [ RunTime:0.000506s ]
INFO: [ route_check ] --END-- [ RunTime:0.000578s ]
INFO: [ app_begin ] --START--
INFO: Run ReadHtmlCache Behavior [ RunTime:0.000298s ]
INFO: [ app_begin ] --END-- [ RunTime:0.000348s ]
NOTIC: [2] session_start(): open(/var/lib/php/session/sess_d6qnrggf31pc7mopjk81hfu633, O_RDWR) failed: Permission denied (13) /opt/app/www/ThinkPHP/Common/functions.php 第 566 行.
ERR: 非法操作:my.js

[ 2013-06-13T21:35:54+08:00 ] 125.122.193.147 /index.php/Story/index.html
INFO: [ route_check ] --START--
INFO: Run CheckRoute Behavior [ RunTime:0.000542s ]
INFO: [ route_check ] --END-- [ RunTime:0.000609s ]
INFO: [ app_begin ] --START--
INFO: Run ReadHtmlCache Behavior [ RunTime:0.000334s ]
INFO: [ app_begin ] --END-- [ RunTime:0.000387s ]
NOTIC: [2] session_start(): open(/var/lib/php/session/sess_d6qnrggf31pc7mopjk81hfu633, O_RDWR) failed: Permission denied (13) /opt/app/www/ThinkPHP/Common/functions.php 第 566 行.
INFO: [ view_template ] --START--
INFO: Run LocationTemplate Behavior [ RunTime:0.000171s ]
INFO: [ view_template ] --END-- [ RunTime:0.000225s ]
INFO: [ view_parse ] --START--
INFO: Run ParseTemplate Behavior [ RunTime:0.009773s ]
INFO: [ view_parse ] --END-- [ RunTime:0.009836s ]
INFO: [ view_filter ] --START--
INFO: Run ContentReplace Behavior [ RunTime:0.000296s ]
INFO: Run TokenBuild Behavior [ RunTime:0.000304s ]
INFO: Run WriteHtmlCache Behavior [ RunTime:0.000205s ]
INFO: Run ShowRuntime Behavior [ RunTime:0.000383s ]
INFO: [ view_filter ] --END-- [ RunTime:0.001395s ]
INFO: [ view_end ] --START--
INFO: Run ShowPageTrace Behavior [ RunTime:0.000459s ]
INFO: [ view_end ] --END-- [ RunTime:0.000527s ]

[ 2013-06-13T21:35:54+08:00 ] 125.122.193.147 /index.php/Story/my.js
INFO: [ route_check ] --START--
INFO: Run CheckRoute Behavior [ RunTime:0.000522s ]
INFO: [ route_check ] --END-- [ RunTime:0.000610s ]
INFO: [ app_begin ] --START--
INFO: Run ReadHtmlCache Behavior [ RunTime:0.000303s ]
INFO: [ app_begin ] --END-- [ RunTime:0.000354s ]
NOTIC: [2] session_start(): open(/var/lib/php/session/sess_d6qnrggf31pc7mopjk81hfu633, O_RDWR) failed: Permission denied (13) /opt/app/www/ThinkPHP/Common/functions.php 第 566 行.
ERR: 非法操作:my.js

[ 2013-06-13T21:37:25+08:00 ] 125.122.193.147 /index.php/Story/index.html
INFO: [ route_check ] --START--
INFO: Run CheckRoute Behavior [ RunTime:0.000663s ]
INFO: [ route_check ] --END-- [ RunTime:0.000752s ]
INFO: [ app_begin ] --START--
INFO: Run ReadHtmlCache Behavior [ RunTime:0.000321s ]
INFO: [ app_begin ] --END-- [ RunTime:0.000416s ]
NOTIC: [2] session_start(): open(/var/lib/php/session/sess_d6qnrggf31pc7mopjk81hfu633, O_RDWR) failed: Permission denied (13) /opt/app/www/ThinkPHP/Common/functions.php 第 566 行.
INFO: [ view_template ] --START--
INFO: Run LocationTemplate Behavior [ RunTime:0.000177s ]
INFO: [ view_template ] --END-- [ RunTime:0.000230s ]
INFO: [ view_parse ] --START--
INFO: Run ParseTemplate Behavior [ RunTime:0.010077s ]
INFO: [ view_parse ] --END-- [ RunTime:0.010152s ]
INFO: [ view_filter ] --START--
INFO: Run ContentReplace Behavior [ RunTime:0.000327s ]
INFO: Run TokenBuild Behavior [ RunTime:0.000216s ]
INFO: Run WriteHtmlCache Behavior [ RunTime:0.000127s ]
INFO: Run ShowRuntime Behavior [ RunTime:0.000262s ]
INFO: [ view_filter ] --END-- [ RunTime:0.001103s ]
INFO: [ view_end ] --START--
INFO: Run ShowPageTrace Behavior [ RunTime:0.000412s ]
INFO: [ view_end ] --END-- [ RunTime:0.000480s ]

[ 2013-06-13T21:37:25+08:00 ] 125.122.193.147 /index.php/Story/my.js
INFO: [ route_check ] --START--
INFO: Run CheckRoute Behavior [ RunTime:0.000524s ]
INFO: [ route_check ] --END-- [ RunTime:0.000592s ]
INFO: [ app_begin ] --START--
INFO: Run ReadHtmlCache Behavior [ RunTime:0.000296s ]
INFO: [ app_begin ] --END-- [ RunTime:0.000362s ]
NOTIC: [2] session_start(): open(/var/lib/php/session/sess_d6qnrggf31pc7mopjk81hfu633, O_RDWR) failed: Permission denied (13) /opt/app/www/ThinkPHP/Common/functions.php 第 566 行.
ERR: 非法操作:my.js

[ 2013-06-13T21:38:29+08:00 ] 125.122.193.147 /index.php/Story/index.html
INFO: [ route_check ] --START--
INFO: Run CheckRoute Behavior [ RunTime:0.000553s ]
INFO: [ route_check ] --END-- [ RunTime:0.000626s ]
INFO: [ app_begin ] --START--
INFO: Run ReadHtmlCache Behavior [ RunTime:0.000310s ]
INFO: [ app_begin ] --END-- [ RunTime:0.000361s ]
NOTIC: [2] session_start(): open(/var/lib/php/session/sess_d6qnrggf31pc7mopjk81hfu633, O_RDWR) failed: Permission denied (13) /opt/app/www/ThinkPHP/Common/functions.php 第 566 行.
INFO: [ view_template ] --START--
INFO: Run LocationTemplate Behavior [ RunTime:0.000173s ]
INFO: [ view_template ] --END-- [ RunTime:0.000226s ]
INFO: [ view_parse ] --START--
INFO: Run ParseTemplate Behavior [ RunTime:0.009405s ]
INFO: [ view_parse ] --END-- [ RunTime:0.009459s ]
INFO: [ view_filter ] --START--
INFO: Run ContentReplace Behavior [ RunTime:0.000267s ]
INFO: Run TokenBuild Behavior [ RunTime:0.000204s ]
INFO: Run WriteHtmlCache Behavior [ RunTime:0.000127s ]
INFO: Run ShowRuntime Behavior [ RunTime:0.000268s ]
INFO: [ view_filter ] --END-- [ RunTime:0.001008s ]
INFO: [ view_end ] --START--
INFO: Run ShowPageTrace Behavior [ RunTime:0.000416s ]
INFO: [ view_end ] --END-- [ RunTime:0.000473s ]

[ 2013-06-13T21:38:29+08:00 ] 125.122.193.147 /index.php/Story/my.js
INFO: [ route_check ] --START--
INFO: Run CheckRoute Behavior [ RunTime:0.000486s ]
INFO: [ route_check ] --END-- [ RunTime:0.000563s ]
INFO: [ app_begin ] --START--
INFO: Run ReadHtmlCache Behavior [ RunTime:0.000303s ]
INFO: [ app_begin ] --END-- [ RunTime:0.000355s ]
NOTIC: [2] session_start(): open(/var/lib/php/session/sess_d6qnrggf31pc7mopjk81hfu633, O_RDWR) failed: Permission denied (13) /opt/app/www/ThinkPHP/Common/functions.php 第 566 行.
ERR: 非法操作:my.js

[ 2013-06-13T21:40:30+08:00 ] 125.122.193.147 /index.php/Story/index.html
INFO: [ route_check ] --START--
INFO: Run CheckRoute Behavior [ RunTime:0.000501s ]
INFO: [ route_check ] --END-- [ RunTime:0.000589s ]
INFO: [ app_begin ] --START--
INFO: Run ReadHtmlCache Behavior [ RunTime:0.000332s ]
INFO: [ app_begin ] --END-- [ RunTime:0.000383s ]
NOTIC: [2] session_start(): open(/var/lib/php/session/sess_d6qnrggf31pc7mopjk81hfu633, O_RDWR) failed: Permission denied (13) /opt/app/www/ThinkPHP/Common/functions.php 第 566 行.
INFO: [ view_template ] --START--
INFO: Run LocationTemplate Behavior [ RunTime:0.000174s ]
INFO: [ view_template ] --END-- [ RunTime:0.000226s ]
INFO: [ view_parse ] --START--
INFO: Run ParseTemplate Behavior [ RunTime:0.009303s ]
INFO: [ view_parse ] --END-- [ RunTime:0.009392s ]
INFO: [ view_filter ] --START--
INFO: Run ContentReplace Behavior [ RunTime:0.000299s ]
INFO: Run TokenBuild Behavior [ RunTime:0.000208s ]
INFO: Run WriteHtmlCache Behavior [ RunTime:0.000152s ]
INFO: Run ShowRuntime Behavior [ RunTime:0.000265s ]
INFO: [ view_filter ] --END-- [ RunTime:0.001081s ]
INFO: [ view_end ] --START--
INFO: Run ShowPageTrace Behavior [ RunTime:0.000398s ]
INFO: [ view_end ] --END-- [ RunTime:0.000526s ]

[ 2013-06-13T21:40:31+08:00 ] 125.122.193.147 /index.php/Story/my.js
INFO: [ route_check ] --START--
INFO: Run CheckRoute Behavior [ RunTime:0.000862s ]
INFO: [ route_check ] --END-- [ RunTime:0.000985s ]
INFO: [ app_begin ] --START--
INFO: Run ReadHtmlCache Behavior [ RunTime:0.000501s ]
INFO: [ app_begin ] --END-- [ RunTime:0.000582s ]
NOTIC: [2] session_start(): open(/var/lib/php/session/sess_d6qnrggf31pc7mopjk81hfu633, O_RDWR) failed: Permission denied (13) /opt/app/www/ThinkPHP/Common/functions.php 第 566 行.
ERR: 非法操作:my.js

[ 2013-06-13T21:46:01+08:00 ] 125.122.193.147 /index.php/Story/index.html
INFO: [ route_check ] --START--
INFO: Run CheckRoute Behavior [ RunTime:0.000468s ]
INFO: [ route_check ] --END-- [ RunTime:0.000536s ]
INFO: [ app_begin ] --START--
INFO: Run ReadHtmlCache Behavior [ RunTime:0.000321s ]
INFO: [ app_begin ] --END-- [ RunTime:0.000372s ]
NOTIC: [2] session_start(): open(/var/lib/php/session/sess_d6qnrggf31pc7mopjk81hfu633, O_RDWR) failed: Permission denied (13) /opt/app/www/ThinkPHP/Common/functions.php 第 566 行.
INFO: [ view_template ] --START--
INFO: Run LocationTemplate Behavior [ RunTime:0.000167s ]
INFO: [ view_template ] --END-- [ RunTime:0.000218s ]
INFO: [ view_parse ] --START--
INFO: Run ParseTemplate Behavior [ RunTime:0.010276s ]
INFO: [ view_parse ] --END-- [ RunTime:0.010332s ]
INFO: [ view_filter ] --START--
INFO: Run ContentReplace Behavior [ RunTime:0.000244s ]
INFO: Run TokenBuild Behavior [ RunTime:0.000202s ]
INFO: Run WriteHtmlCache Behavior [ RunTime:0.000121s ]
INFO: Run ShowRuntime Behavior [ RunTime:0.000281s ]
INFO: [ view_filter ] --END-- [ RunTime:0.000988s ]
INFO: [ view_end ] --START--
INFO: Run ShowPageTrace Behavior [ RunTime:0.000363s ]
INFO: [ view_end ] --END-- [ RunTime:0.000414s ]

[ 2013-06-13T21:46:01+08:00 ] 125.122.193.147 /index.php/Story/my.js
INFO: [ route_check ] --START--
INFO: Run CheckRoute Behavior [ RunTime:0.000507s ]
INFO: [ route_check ] --END-- [ RunTime:0.000580s ]
INFO: [ app_begin ] --START--
INFO: Run ReadHtmlCache Behavior [ RunTime:0.000334s ]
INFO: [ app_begin ] --END-- [ RunTime:0.000387s ]
NOTIC: [2] session_start(): open(/var/lib/php/session/sess_d6qnrggf31pc7mopjk81hfu633, O_RDWR) failed: Permission denied (13) /opt/app/www/ThinkPHP/Common/functions.php 第 566 行.
ERR: 非法操作:my.js

[ 2013-06-13T21:47:07+08:00 ] 125.122.193.147 /index.php/Story/index.html
INFO: [ route_check ] --START--
INFO: Run CheckRoute Behavior [ RunTime:0.000565s ]
INFO: [ route_check ] --END-- [ RunTime:0.000643s ]
INFO: [ app_begin ] --START--
INFO: Run ReadHtmlCache Behavior [ RunTime:0.000325s ]
INFO: [ app_begin ] --END-- [ RunTime:0.000379s ]
NOTIC: [2] session_start(): open(/var/lib/php/session/sess_d6qnrggf31pc7mopjk81hfu633, O_RDWR) failed: Permission denied (13) /opt/app/www/ThinkPHP/Common/functions.php 第 566 行.
INFO: [ view_template ] --START--
INFO: Run LocationTemplate Behavior [ RunTime:0.000175s ]
INFO: [ view_template ] --END-- [ RunTime:0.000228s ]
INFO: [ view_parse ] --START--
INFO: Run ParseTemplate Behavior [ RunTime:0.009355s ]
INFO: [ view_parse ] --END-- [ RunTime:0.009437s ]
INFO: [ view_filter ] --START--
INFO: Run ContentReplace Behavior [ RunTime:0.000272s ]
INFO: Run TokenBuild Behavior [ RunTime:0.000207s ]
INFO: Run WriteHtmlCache Behavior [ RunTime:0.000126s ]
INFO: Run ShowRuntime Behavior [ RunTime:0.000290s ]
INFO: [ view_filter ] --END-- [ RunTime:0.001039s ]
INFO: [ view_end ] --START--
INFO: Run ShowPageTrace Behavior [ RunTime:0.000365s ]
INFO: [ view_end ] --END-- [ RunTime:0.000418s ]

[ 2013-06-13T21:47:08+08:00 ] 125.122.193.147 /index.php/Story/my.js
INFO: [ route_check ] --START--
INFO: Run CheckRoute Behavior [ RunTime:0.000674s ]
INFO: [ route_check ] --END-- [ RunTime:0.000761s ]
INFO: [ app_begin ] --START--
INFO: Run ReadHtmlCache Behavior [ RunTime:0.000310s ]
INFO: [ app_begin ] --END-- [ RunTime:0.000388s ]
NOTIC: [2] session_start(): open(/var/lib/php/session/sess_d6qnrggf31pc7mopjk81hfu633, O_RDWR) failed: Permission denied (13) /opt/app/www/ThinkPHP/Common/functions.php 第 566 行.
ERR: 非法操作:my.js

[ 2013-06-13T21:47:11+08:00 ] 125.122.193.147 /index.php/Story/index.html
INFO: [ route_check ] --START--
INFO: Run CheckRoute Behavior [ RunTime:0.000481s ]
INFO: [ route_check ] --END-- [ RunTime:0.000559s ]
INFO: [ app_begin ] --START--
INFO: Run ReadHtmlCache Behavior [ RunTime:0.000330s ]
INFO: [ app_begin ] --END-- [ RunTime:0.000382s ]
NOTIC: [2] session_start(): open(/var/lib/php/session/sess_d6qnrggf31pc7mopjk81hfu633, O_RDWR) failed: Permission denied (13) /opt/app/www/ThinkPHP/Common/functions.php 第 566 行.
INFO: [ view_template ] --START--
INFO: Run LocationTemplate Behavior [ RunTime:0.000174s ]
INFO: [ view_template ] --END-- [ RunTime:0.000227s ]
INFO: [ view_parse ] --START--
INFO: Run ParseTemplate Behavior [ RunTime:0.009229s ]
INFO: [ view_parse ] --END-- [ RunTime:0.009282s ]
INFO: [ view_filter ] --START--
INFO: Run ContentReplace Behavior [ RunTime:0.000244s ]
INFO: Run TokenBuild Behavior [ RunTime:0.000205s ]
INFO: Run WriteHtmlCache Behavior [ RunTime:0.000122s ]
INFO: Run ShowRuntime Behavior [ RunTime:0.000284s ]
INFO: [ view_filter ] --END-- [ RunTime:0.000996s ]
INFO: [ view_end ] --START--
INFO: Run ShowPageTrace Behavior [ RunTime:0.000361s ]
INFO: [ view_end ] --END-- [ RunTime:0.000413s ]

[ 2013-06-13T21:47:11+08:00 ] 125.122.193.147 /index.php/Story/my.js
INFO: [ route_check ] --START--
INFO: Run CheckRoute Behavior [ RunTime:0.000492s ]
INFO: [ route_check ] --END-- [ RunTime:0.000562s ]
INFO: [ app_begin ] --START--
INFO: Run ReadHtmlCache Behavior [ RunTime:0.000305s ]
INFO: [ app_begin ] --END-- [ RunTime:0.000357s ]
NOTIC: [2] session_start(): open(/var/lib/php/session/sess_d6qnrggf31pc7mopjk81hfu633, O_RDWR) failed: Permission denied (13) /opt/app/www/ThinkPHP/Common/functions.php 第 566 行.
ERR: 非法操作:my.js

[ 2013-06-13T21:47:56+08:00 ] 125.122.193.147 /index.php/Story/index.html
INFO: [ route_check ] --START--
INFO: Run CheckRoute Behavior [ RunTime:0.000486s ]
INFO: [ route_check ] --END-- [ RunTime:0.000553s ]
INFO: [ app_begin ] --START--
INFO: Run ReadHtmlCache Behavior [ RunTime:0.000293s ]
INFO: [ app_begin ] --END-- [ RunTime:0.000343s ]
NOTIC: [2] session_start(): open(/var/lib/php/session/sess_d6qnrggf31pc7mopjk81hfu633, O_RDWR) failed: Permission denied (13) /opt/app/www/ThinkPHP/Common/functions.php 第 566 行.
INFO: [ view_template ] --START--
INFO: Run LocationTemplate Behavior [ RunTime:0.000191s ]
INFO: [ view_template ] --END-- [ RunTime:0.000242s ]
INFO: [ view_parse ] --START--
INFO: Run ParseTemplate Behavior [ RunTime:0.009963s ]
INFO: [ view_parse ] --END-- [ RunTime:0.010017s ]
INFO: [ view_filter ] --START--
INFO: Run ContentReplace Behavior [ RunTime:0.000262s ]
INFO: Run TokenBuild Behavior [ RunTime:0.000239s ]
INFO: Run WriteHtmlCache Behavior [ RunTime:0.000123s ]
INFO: Run ShowRuntime Behavior [ RunTime:0.000314s ]
INFO: [ view_filter ] --END-- [ RunTime:0.001096s ]
INFO: [ view_end ] --START--
INFO: Run ShowPageTrace Behavior [ RunTime:0.000370s ]
INFO: [ view_end ] --END-- [ RunTime:0.000465s ]

[ 2013-06-13T21:47:56+08:00 ] 125.122.193.147 /index.php/Story/my.js
INFO: [ route_check ] --START--
INFO: Run CheckRoute Behavior [ RunTime:0.000512s ]
INFO: [ route_check ] --END-- [ RunTime:0.000586s ]
INFO: [ app_begin ] --START--
INFO: Run ReadHtmlCache Behavior [ RunTime:0.000305s ]
INFO: [ app_begin ] --END-- [ RunTime:0.000357s ]
NOTIC: [2] session_start(): open(/var/lib/php/session/sess_d6qnrggf31pc7mopjk81hfu633, O_RDWR) failed: Permission denied (13) /opt/app/www/ThinkPHP/Common/functions.php 第 566 行.
ERR: 非法操作:my.js

[ 2013-06-13T21:48:38+08:00 ] 125.122.193.147 /index.php/Story/index.html
INFO: [ route_check ] --START--
INFO: Run CheckRoute Behavior [ RunTime:0.000483s ]
INFO: [ route_check ] --END-- [ RunTime:0.000555s ]
INFO: [ app_begin ] --START--
INFO: Run ReadHtmlCache Behavior [ RunTime:0.000327s ]
INFO: [ app_begin ] --END-- [ RunTime:0.000377s ]
NOTIC: [2] session_start(): open(/var/lib/php/session/sess_d6qnrggf31pc7mopjk81hfu633, O_RDWR) failed: Permission denied (13) /opt/app/www/ThinkPHP/Common/functions.php 第 566 行.
INFO: [ view_template ] --START--
INFO: Run LocationTemplate Behavior [ RunTime:0.000201s ]
INFO: [ view_template ] --END-- [ RunTime:0.000253s ]
INFO: [ view_parse ] --START--
INFO: Run ParseTemplate Behavior [ RunTime:0.009555s ]
INFO: [ view_parse ] --END-- [ RunTime:0.009606s ]
INFO: [ view_filter ] --START--
INFO: Run ContentReplace Behavior [ RunTime:0.000260s ]
INFO: Run TokenBuild Behavior [ RunTime:0.000236s ]
INFO: Run WriteHtmlCache Behavior [ RunTime:0.000122s ]
INFO: Run ShowRuntime Behavior [ RunTime:0.000254s ]
INFO: [ view_filter ] --END-- [ RunTime:0.001015s ]
INFO: [ view_end ] --START--
INFO: Run ShowPageTrace Behavior [ RunTime:0.000405s ]
INFO: [ view_end ] --END-- [ RunTime:0.000458s ]

[ 2013-06-13T21:48:38+08:00 ] 125.122.193.147 /index.php/Story/my.js
INFO: [ route_check ] --START--
INFO: Run CheckRoute Behavior [ RunTime:0.000503s ]
INFO: [ route_check ] --END-- [ RunTime:0.000576s ]
INFO: [ app_begin ] --START--
INFO: Run ReadHtmlCache Behavior [ RunTime:0.000303s ]
INFO: [ app_begin ] --END-- [ RunTime:0.000378s ]
NOTIC: [2] session_start(): open(/var/lib/php/session/sess_d6qnrggf31pc7mopjk81hfu633, O_RDWR) failed: Permission denied (13) /opt/app/www/ThinkPHP/Common/functions.php 第 566 行.
ERR: 非法操作:my.js

[ 2013-06-13T21:49:10+08:00 ] 125.122.193.147 /index.php/Story/index.html
INFO: [ route_check ] --START--
INFO: Run CheckRoute Behavior [ RunTime:0.000509s ]
INFO: [ route_check ] --END-- [ RunTime:0.000591s ]
INFO: [ app_begin ] --START--
INFO: Run ReadHtmlCache Behavior [ RunTime:0.000317s ]
INFO: [ app_begin ] --END-- [ RunTime:0.000368s ]
NOTIC: [2] session_start(): open(/var/lib/php/session/sess_d6qnrggf31pc7mopjk81hfu633, O_RDWR) failed: Permission denied (13) /opt/app/www/ThinkPHP/Common/functions.php 第 566 行.
INFO: [ view_template ] --START--
INFO: Run LocationTemplate Behavior [ RunTime:0.000167s ]
INFO: [ view_template ] --END-- [ RunTime:0.000219s ]
INFO: [ view_parse ] --START--
INFO: Run ParseTemplate Behavior [ RunTime:0.009456s ]
INFO: [ view_parse ] --END-- [ RunTime:0.009521s ]
INFO: [ view_filter ] --START--
INFO: Run ContentReplace Behavior [ RunTime:0.000258s ]
INFO: Run TokenBuild Behavior [ RunTime:0.000203s ]
INFO: Run WriteHtmlCache Behavior [ RunTime:0.000124s ]
INFO: Run ShowRuntime Behavior [ RunTime:0.000315s ]
INFO: [ view_filter ] --END-- [ RunTime:0.001045s ]
INFO: [ view_end ] --START--
INFO: Run ShowPageTrace Behavior [ RunTime:0.000454s ]
INFO: [ view_end ] --END-- [ RunTime:0.000512s ]

[ 2013-06-13T21:49:11+08:00 ] 125.122.193.147 /index.php/Story/my.js
INFO: [ route_check ] --START--
INFO: Run CheckRoute Behavior [ RunTime:0.000539s ]
INFO: [ route_check ] --END-- [ RunTime:0.000615s ]
INFO: [ app_begin ] --START--
INFO: Run ReadHtmlCache Behavior [ RunTime:0.000296s ]
INFO: [ app_begin ] --END-- [ RunTime:0.000355s ]
NOTIC: [2] session_start(): open(/var/lib/php/session/sess_d6qnrggf31pc7mopjk81hfu633, O_RDWR) failed: Permission denied (13) /opt/app/www/ThinkPHP/Common/functions.php 第 566 行.
ERR: 非法操作:my.js

[ 2013-06-13T21:59:50+08:00 ] 125.120.75.89 /index.php/Story/index.html
INFO: [ route_check ] --START--
INFO: Run CheckRoute Behavior [ RunTime:0.000520s ]
INFO: [ route_check ] --END-- [ RunTime:0.000603s ]
INFO: [ app_begin ] --START--
INFO: Run ReadHtmlCache Behavior [ RunTime:0.000311s ]
INFO: [ app_begin ] --END-- [ RunTime:0.000389s ]
NOTIC: [2] session_start(): open(/var/lib/php/session/sess_d6qnrggf31pc7mopjk81hfu633, O_RDWR) failed: Permission denied (13) /opt/app/www/ThinkPHP/Common/functions.php 第 566 行.
INFO: [ view_template ] --START--
INFO: Run LocationTemplate Behavior [ RunTime:0.000167s ]
INFO: [ view_template ] --END-- [ RunTime:0.000219s ]
INFO: [ view_parse ] --START--
INFO: Run ParseTemplate Behavior [ RunTime:0.009702s ]
INFO: [ view_parse ] --END-- [ RunTime:0.009756s ]
INFO: [ view_filter ] --START--
INFO: Run ContentReplace Behavior [ RunTime:0.000244s ]
INFO: Run TokenBuild Behavior [ RunTime:0.000216s ]
INFO: Run WriteHtmlCache Behavior [ RunTime:0.000145s ]
INFO: Run ShowRuntime Behavior [ RunTime:0.000255s ]
INFO: [ view_filter ] --END-- [ RunTime:0.001001s ]
INFO: [ view_end ] --START--
INFO: Run ShowPageTrace Behavior [ RunTime:0.000670s ]
INFO: [ view_end ] --END-- [ RunTime:0.000771s ]

[ 2013-06-13T21:59:50+08:00 ] 125.120.75.89 /index.php/Story/my.js
INFO: [ route_check ] --START--
INFO: Run CheckRoute Behavior [ RunTime:0.000484s ]
INFO: [ route_check ] --END-- [ RunTime:0.000566s ]
INFO: [ app_begin ] --START--
INFO: Run ReadHtmlCache Behavior [ RunTime:0.000325s ]
INFO: [ app_begin ] --END-- [ RunTime:0.000376s ]
NOTIC: [2] session_start(): open(/var/lib/php/session/sess_d6qnrggf31pc7mopjk81hfu633, O_RDWR) failed: Permission denied (13) /opt/app/www/ThinkPHP/Common/functions.php 第 566 行.
ERR: 非法操作:my.js

[ 2013-06-13T22:03:53+08:00 ] 125.120.75.89 /index.php/Story/index.html
INFO: [ route_check ] --START--
INFO: Run CheckRoute Behavior [ RunTime:0.000479s ]
INFO: [ route_check ] --END-- [ RunTime:0.000554s ]
INFO: [ app_begin ] --START--
INFO: Run ReadHtmlCache Behavior [ RunTime:0.000297s ]
INFO: [ app_begin ] --END-- [ RunTime:0.000349s ]
NOTIC: [2] session_start(): open(/var/lib/php/session/sess_d6qnrggf31pc7mopjk81hfu633, O_RDWR) failed: Permission denied (13) /opt/app/www/ThinkPHP/Common/functions.php 第 566 行.
INFO: [ view_template ] --START--
INFO: Run LocationTemplate Behavior [ RunTime:0.000169s ]
INFO: [ view_template ] --END-- [ RunTime:0.000222s ]
INFO: [ view_parse ] --START--
INFO: Run ParseTemplate Behavior [ RunTime:0.009812s ]
INFO: [ view_parse ] --END-- [ RunTime:0.009911s ]
INFO: [ view_filter ] --START--
INFO: Run ContentReplace Behavior [ RunTime:0.000360s ]
INFO: Run TokenBuild Behavior [ RunTime:0.000279s ]
INFO: Run WriteHtmlCache Behavior [ RunTime:0.000160s ]
INFO: Run ShowRuntime Behavior [ RunTime:0.000413s ]
INFO: [ view_filter ] --END-- [ RunTime:0.001454s ]
INFO: [ view_end ] --START--
INFO: Run ShowPageTrace Behavior [ RunTime:0.000387s ]
INFO: [ view_end ] --END-- [ RunTime:0.000443s ]

[ 2013-06-13T22:03:54+08:00 ] 125.120.75.89 /index.php/Story/my.js
INFO: [ route_check ] --START--
INFO: Run CheckRoute Behavior [ RunTime:0.000531s ]
INFO: [ route_check ] --END-- [ RunTime:0.000624s ]
INFO: [ app_begin ] --START--
INFO: Run ReadHtmlCache Behavior [ RunTime:0.000336s ]
INFO: [ app_begin ] --END-- [ RunTime:0.000388s ]
NOTIC: [2] session_start(): open(/var/lib/php/session/sess_d6qnrggf31pc7mopjk81hfu633, O_RDWR) failed: Permission denied (13) /opt/app/www/ThinkPHP/Common/functions.php 第 566 行.
ERR: 非法操作:my.js

[ 2013-06-13T22:29:21+08:00 ] 125.120.75.89 /index.php/Story/index.html
INFO: [ route_check ] --START--
INFO: Run CheckRoute Behavior [ RunTime:0.000488s ]
INFO: [ route_check ] --END-- [ RunTime:0.000589s ]
INFO: [ app_begin ] --START--
INFO: Run ReadHtmlCache Behavior [ RunTime:0.000301s ]
INFO: [ app_begin ] --END-- [ RunTime:0.000352s ]
NOTIC: [2] session_start(): open(/var/lib/php/session/sess_d6qnrggf31pc7mopjk81hfu633, O_RDWR) failed: Permission denied (13) /opt/app/www/ThinkPHP/Common/functions.php 第 566 行.
INFO: [ view_template ] --START--
INFO: Run LocationTemplate Behavior [ RunTime:0.000198s ]
INFO: [ view_template ] --END-- [ RunTime:0.000251s ]
INFO: [ view_parse ] --START--
INFO: Run ParseTemplate Behavior [ RunTime:0.009753s ]
INFO: [ view_parse ] --END-- [ RunTime:0.009871s ]
INFO: [ view_filter ] --START--
INFO: Run ContentReplace Behavior [ RunTime:0.000382s ]
INFO: Run TokenBuild Behavior [ RunTime:0.000230s ]
INFO: Run WriteHtmlCache Behavior [ RunTime:0.000203s ]
INFO: Run ShowRuntime Behavior [ RunTime:0.000268s ]
INFO: [ view_filter ] --END-- [ RunTime:0.001251s ]
INFO: [ view_end ] --START--
INFO: Run ShowPageTrace Behavior [ RunTime:0.000406s ]
INFO: [ view_end ] --END-- [ RunTime:0.000461s ]

[ 2013-06-13T22:29:21+08:00 ] 125.120.75.89 /index.php/Story/my.js
INFO: [ route_check ] --START--
INFO: Run CheckRoute Behavior [ RunTime:0.000478s ]
INFO: [ route_check ] --END-- [ RunTime:0.000554s ]
INFO: [ app_begin ] --START--
INFO: Run ReadHtmlCache Behavior [ RunTime:0.000360s ]
INFO: [ app_begin ] --END-- [ RunTime:0.000411s ]
NOTIC: [2] session_start(): open(/var/lib/php/session/sess_d6qnrggf31pc7mopjk81hfu633, O_RDWR) failed: Permission denied (13) /opt/app/www/ThinkPHP/Common/functions.php 第 566 行.
ERR: 非法操作:my.js

[ 2013-06-13T22:49:08+08:00 ] 125.120.75.89 /index.php/Story/index.htm
INFO: [ route_check ] --START--
INFO: Run CheckRoute Behavior [ RunTime:0.000575s ]
INFO: [ route_check ] --END-- [ RunTime:0.000652s ]
INFO: [ app_begin ] --START--
INFO: Run ReadHtmlCache Behavior [ RunTime:0.000399s ]
INFO: [ app_begin ] --END-- [ RunTime:0.000500s ]
NOTIC: [2] session_start(): open(/var/lib/php/session/sess_d6qnrggf31pc7mopjk81hfu633, O_RDWR) failed: Permission denied (13) /opt/app/www/ThinkPHP/Common/functions.php 第 566 行.
ERR: 非法操作:index.htm

[ 2013-06-13T22:49:14+08:00 ] 125.120.75.89 /index.php/Story/index.html
INFO: [ route_check ] --START--
INFO: Run CheckRoute Behavior [ RunTime:0.000520s ]
INFO: [ route_check ] --END-- [ RunTime:0.000606s ]
INFO: [ app_begin ] --START--
INFO: Run ReadHtmlCache Behavior [ RunTime:0.000300s ]
INFO: [ app_begin ] --END-- [ RunTime:0.000351s ]
NOTIC: [2] session_start(): open(/var/lib/php/session/sess_d6qnrggf31pc7mopjk81hfu633, O_RDWR) failed: Permission denied (13) /opt/app/www/ThinkPHP/Common/functions.php 第 566 行.
INFO: [ view_template ] --START--
INFO: Run LocationTemplate Behavior [ RunTime:0.000172s ]
INFO: [ view_template ] --END-- [ RunTime:0.000226s ]
INFO: [ view_parse ] --START--
INFO: Run ParseTemplate Behavior [ RunTime:0.010278s ]
INFO: [ view_parse ] --END-- [ RunTime:0.010349s ]
INFO: [ view_filter ] --START--
INFO: Run ContentReplace Behavior [ RunTime:0.000315s ]
INFO: Run TokenBuild Behavior [ RunTime:0.000209s ]
INFO: Run WriteHtmlCache Behavior [ RunTime:0.000124s ]
INFO: Run ShowRuntime Behavior [ RunTime:0.000258s ]
INFO: [ view_filter ] --END-- [ RunTime:0.001050s ]
INFO: [ view_end ] --START--
INFO: Run ShowPageTrace Behavior [ RunTime:0.000368s ]
INFO: [ view_end ] --END-- [ RunTime:0.000422s ]

[ 2013-06-13T22:49:14+08:00 ] 125.120.75.89 /index.php/Story/my.js
INFO: [ route_check ] --START--
INFO: Run CheckRoute Behavior [ RunTime:0.000593s ]
INFO: [ route_check ] --END-- [ RunTime:0.000661s ]
INFO: [ app_begin ] --START--
INFO: Run ReadHtmlCache Behavior [ RunTime:0.000294s ]
INFO: [ app_begin ] --END-- [ RunTime:0.000344s ]
NOTIC: [2] session_start(): open(/var/lib/php/session/sess_d6qnrggf31pc7mopjk81hfu633, O_RDWR) failed: Permission denied (13) /opt/app/www/ThinkPHP/Common/functions.php 第 566 行.
ERR: 非法操作:my.js

[ 2013-06-13T22:58:47+08:00 ] 125.120.75.89 /index.php/Story
INFO: [ route_check ] --START--
INFO: Run CheckRoute Behavior [ RunTime:0.000500s ]
INFO: [ route_check ] --END-- [ RunTime:0.000583s ]
INFO: [ app_begin ] --START--
INFO: Run ReadHtmlCache Behavior [ RunTime:0.000341s ]
INFO: [ app_begin ] --END-- [ RunTime:0.000391s ]
NOTIC: [2] session_start(): open(/var/lib/php/session/sess_d6qnrggf31pc7mopjk81hfu633, O_RDWR) failed: Permission denied (13) /opt/app/www/ThinkPHP/Common/functions.php 第 566 行.
INFO: [ view_template ] --START--
INFO: Run LocationTemplate Behavior [ RunTime:0.000173s ]
INFO: [ view_template ] --END-- [ RunTime:0.000225s ]
INFO: [ view_parse ] --START--
INFO: Run ParseTemplate Behavior [ RunTime:0.010444s ]
INFO: [ view_parse ] --END-- [ RunTime:0.010571s ]
INFO: [ view_filter ] --START--
INFO: Run ContentReplace Behavior [ RunTime:0.000365s ]
INFO: Run TokenBuild Behavior [ RunTime:0.000304s ]
INFO: Run WriteHtmlCache Behavior [ RunTime:0.000179s ]
INFO: Run ShowRuntime Behavior [ RunTime:0.000350s ]
INFO: [ view_filter ] --END-- [ RunTime:0.001473s ]
INFO: [ view_end ] --START--
INFO: Run ShowPageTrace Behavior [ RunTime:0.000482s ]
INFO: [ view_end ] --END-- [ RunTime:0.000547s ]

[ 2013-06-13T22:58:48+08:00 ] 125.120.75.89 /index.php/my.js
INFO: [ route_check ] --START--
INFO: Run CheckRoute Behavior [ RunTime:0.000481s ]
INFO: [ route_check ] --END-- [ RunTime:0.000559s ]
INFO: [ app_begin ] --START--
INFO: Run ReadHtmlCache Behavior [ RunTime:0.000301s ]
INFO: [ app_begin ] --END-- [ RunTime:0.000353s ]
NOTIC: [2] session_start(): open(/var/lib/php/session/sess_d6qnrggf31pc7mopjk81hfu633, O_RDWR) failed: Permission denied (13) /opt/app/www/ThinkPHP/Common/functions.php 第 566 行.
NOTIC: [8] Undefined variable: group /opt/app/www/ThinkPHP/Lib/Core/App.class.php 第 120 行.
ERR: 无法加载模块:my.js

[ 2013-06-13T22:59:33+08:00 ] 125.120.75.89 /index.php/Story
INFO: [ route_check ] --START--
INFO: Run CheckRoute Behavior [ RunTime:0.000486s ]
INFO: [ route_check ] --END-- [ RunTime:0.000564s ]
INFO: [ app_begin ] --START--
INFO: Run ReadHtmlCache Behavior [ RunTime:0.000304s ]
INFO: [ app_begin ] --END-- [ RunTime:0.000355s ]
NOTIC: [2] session_start(): open(/var/lib/php/session/sess_d6qnrggf31pc7mopjk81hfu633, O_RDWR) failed: Permission denied (13) /opt/app/www/ThinkPHP/Common/functions.php 第 566 行.
INFO: [ view_template ] --START--
INFO: Run LocationTemplate Behavior [ RunTime:0.000174s ]
INFO: [ view_template ] --END-- [ RunTime:0.000227s ]
INFO: [ view_parse ] --START--
INFO: Run ParseTemplate Behavior [ RunTime:0.009800s ]
INFO: [ view_parse ] --END-- [ RunTime:0.009872s ]
INFO: [ view_filter ] --START--
INFO: Run ContentReplace Behavior [ RunTime:0.000299s ]
INFO: Run TokenBuild Behavior [ RunTime:0.000205s ]
INFO: Run WriteHtmlCache Behavior [ RunTime:0.000122s ]
INFO: Run ShowRuntime Behavior [ RunTime:0.000260s ]
INFO: [ view_filter ] --END-- [ RunTime:0.001030s ]
INFO: [ view_end ] --START--
INFO: Run ShowPageTrace Behavior [ RunTime:0.000380s ]
INFO: [ view_end ] --END-- [ RunTime:0.000434s ]

[ 2013-06-13T22:59:33+08:00 ] 125.120.75.89 /index.php/my.js
INFO: [ route_check ] --START--
INFO: Run CheckRoute Behavior [ RunTime:0.000618s ]
INFO: [ route_check ] --END-- [ RunTime:0.000688s ]
INFO: [ app_begin ] --START--
INFO: Run ReadHtmlCache Behavior [ RunTime:0.000296s ]
INFO: [ app_begin ] --END-- [ RunTime:0.000346s ]
NOTIC: [2] session_start(): open(/var/lib/php/session/sess_d6qnrggf31pc7mopjk81hfu633, O_RDWR) failed: Permission denied (13) /opt/app/www/ThinkPHP/Common/functions.php 第 566 行.
NOTIC: [8] Undefined variable: group /opt/app/www/ThinkPHP/Lib/Core/App.class.php 第 120 行.
ERR: 无法加载模块:my.js

[ 2013-06-13T23:04:54+08:00 ] 125.120.75.89 /index.php/Story
INFO: [ route_check ] --START--
INFO: Run CheckRoute Behavior [ RunTime:0.000487s ]
INFO: [ route_check ] --END-- [ RunTime:0.000566s ]
INFO: [ app_begin ] --START--
INFO: Run ReadHtmlCache Behavior [ RunTime:0.000382s ]
INFO: [ app_begin ] --END-- [ RunTime:0.000434s ]
NOTIC: [2] session_start(): open(/var/lib/php/session/sess_d6qnrggf31pc7mopjk81hfu633, O_RDWR) failed: Permission denied (13) /opt/app/www/ThinkPHP/Common/functions.php 第 566 行.
INFO: [ view_template ] --START--
INFO: Run LocationTemplate Behavior [ RunTime:0.000169s ]
INFO: [ view_template ] --END-- [ RunTime:0.000222s ]
INFO: [ view_parse ] --START--
INFO: Run ParseTemplate Behavior [ RunTime:0.010177s ]
INFO: [ view_parse ] --END-- [ RunTime:0.010234s ]
INFO: [ view_filter ] --START--
INFO: Run ContentReplace Behavior [ RunTime:0.000265s ]
INFO: Run TokenBuild Behavior [ RunTime:0.000201s ]
INFO: Run WriteHtmlCache Behavior [ RunTime:0.000120s ]
INFO: Run ShowRuntime Behavior [ RunTime:0.000490s ]
INFO: [ view_filter ] --END-- [ RunTime:0.001242s ]
INFO: [ view_end ] --START--
INFO: Run ShowPageTrace Behavior [ RunTime:0.000441s ]
INFO: [ view_end ] --END-- [ RunTime:0.000499s ]

[ 2013-06-13T23:04:54+08:00 ] 125.120.75.89 /index.php/my.js
INFO: [ route_check ] --START--
INFO: Run CheckRoute Behavior [ RunTime:0.000465s ]
INFO: [ route_check ] --END-- [ RunTime:0.000554s ]
INFO: [ app_begin ] --START--
INFO: Run ReadHtmlCache Behavior [ RunTime:0.000313s ]
INFO: [ app_begin ] --END-- [ RunTime:0.000364s ]
NOTIC: [2] session_start(): open(/var/lib/php/session/sess_d6qnrggf31pc7mopjk81hfu633, O_RDWR) failed: Permission denied (13) /opt/app/www/ThinkPHP/Common/functions.php 第 566 行.
NOTIC: [8] Undefined variable: group /opt/app/www/ThinkPHP/Lib/Core/App.class.php 第 120 行.
ERR: 无法加载模块:my.js

[ 2013-06-13T23:10:53+08:00 ] 125.120.75.89 /index.php/Story1
INFO: [ route_check ] --START--
INFO: Run CheckRoute Behavior [ RunTime:0.000826s ]
INFO: [ route_check ] --END-- [ RunTime:0.000935s ]
INFO: [ app_begin ] --START--
INFO: Run ReadHtmlCache Behavior [ RunTime:0.000512s ]
INFO: [ app_begin ] --END-- [ RunTime:0.000593s ]
NOTIC: [2] session_start(): open(/var/lib/php/session/sess_d6qnrggf31pc7mopjk81hfu633, O_RDWR) failed: Permission denied (13) /opt/app/www/ThinkPHP/Common/functions.php 第 566 行.
ERR: 无法加载模块:Story1

[ 2013-06-13T23:10:57+08:00 ] 125.120.75.89 /index.php/Story
INFO: [ route_check ] --START--
INFO: Run CheckRoute Behavior [ RunTime:0.000560s ]
INFO: [ route_check ] --END-- [ RunTime:0.000643s ]
INFO: [ app_begin ] --START--
INFO: Run ReadHtmlCache Behavior [ RunTime:0.000325s ]
INFO: [ app_begin ] --END-- [ RunTime:0.000376s ]
NOTIC: [2] session_start(): open(/var/lib/php/session/sess_d6qnrggf31pc7mopjk81hfu633, O_RDWR) failed: Permission denied (13) /opt/app/www/ThinkPHP/Common/functions.php 第 566 行.
INFO: [ view_template ] --START--
INFO: Run LocationTemplate Behavior [ RunTime:0.000172s ]
INFO: [ view_template ] --END-- [ RunTime:0.000224s ]
INFO: [ view_parse ] --START--
INFO: Run ParseTemplate Behavior [ RunTime:0.009726s ]
INFO: [ view_parse ] --END-- [ RunTime:0.009779s ]
INFO: [ view_filter ] --START--
INFO: Run ContentReplace Behavior [ RunTime:0.000261s ]
INFO: Run TokenBuild Behavior [ RunTime:0.000273s ]
INFO: Run WriteHtmlCache Behavior [ RunTime:0.000122s ]
INFO: Run ShowRuntime Behavior [ RunTime:0.000256s ]
INFO: [ view_filter ] --END-- [ RunTime:0.001056s ]
INFO: [ view_end ] --START--
INFO: Run ShowPageTrace Behavior [ RunTime:0.000395s ]
INFO: [ view_end ] --END-- [ RunTime:0.000448s ]

[ 2013-06-13T23:10:58+08:00 ] 125.120.75.89 /index.php/my.js
INFO: [ route_check ] --START--
INFO: Run CheckRoute Behavior [ RunTime:0.000485s ]
INFO: [ route_check ] --END-- [ RunTime:0.000565s ]
INFO: [ app_begin ] --START--
INFO: Run ReadHtmlCache Behavior [ RunTime:0.000323s ]
INFO: [ app_begin ] --END-- [ RunTime:0.000374s ]
NOTIC: [2] session_start(): open(/var/lib/php/session/sess_d6qnrggf31pc7mopjk81hfu633, O_RDWR) failed: Permission denied (13) /opt/app/www/ThinkPHP/Common/functions.php 第 566 行.
NOTIC: [8] Undefined variable: group /opt/app/www/ThinkPHP/Lib/Core/App.class.php 第 120 行.
ERR: 无法加载模块:my.js

[ 2013-06-13T23:17:51+08:00 ] 125.120.75.89 /
INFO: [ app_begin ] --START--
INFO: Run ReadHtmlCache Behavior [ RunTime:0.000310s ]
INFO: [ app_begin ] --END-- [ RunTime:0.000386s ]
NOTIC: [2] session_start(): open(/var/lib/php/session/sess_g1vjlva0la7q6dg1aonh4t25f4, O_RDWR) failed: Permission denied (13) /opt/app/www/ThinkPHP/Common/functions.php 第 566 行.

[ 2013-06-13T23:17:54+08:00 ] 125.120.75.89 /index.php/Story/index.html
INFO: [ route_check ] --START--
INFO: Run CheckRoute Behavior [ RunTime:0.000706s ]
INFO: [ route_check ] --END-- [ RunTime:0.000804s ]
INFO: [ app_begin ] --START--
INFO: Run ReadHtmlCache Behavior [ RunTime:0.000410s ]
INFO: [ app_begin ] --END-- [ RunTime:0.000480s ]
NOTIC: [2] session_start(): open(/var/lib/php/session/sess_g1vjlva0la7q6dg1aonh4t25f4, O_RDWR) failed: Permission denied (13) /opt/app/www/ThinkPHP/Common/functions.php 第 566 行.
INFO: [ view_template ] --START--
INFO: Run LocationTemplate Behavior [ RunTime:0.000263s ]
INFO: [ view_template ] --END-- [ RunTime:0.000331s ]
INFO: [ view_parse ] --START--
INFO: Run ParseTemplate Behavior [ RunTime:0.010061s ]
INFO: [ view_parse ] --END-- [ RunTime:0.010149s ]
INFO: [ view_filter ] --START--
INFO: Run ContentReplace Behavior [ RunTime:0.000318s ]
INFO: Run TokenBuild Behavior [ RunTime:0.000209s ]
INFO: Run WriteHtmlCache Behavior [ RunTime:0.000127s ]
INFO: Run ShowRuntime Behavior [ RunTime:0.000298s ]
INFO: [ view_filter ] --END-- [ RunTime:0.001100s ]
INFO: [ view_end ] --START--
INFO: Run ShowPageTrace Behavior [ RunTime:0.000402s ]
INFO: [ view_end ] --END-- [ RunTime:0.000457s ]

[ 2013-06-13T23:17:54+08:00 ] 125.120.75.89 /index.php/Story/my.js
INFO: [ route_check ] --START--
INFO: Run CheckRoute Behavior [ RunTime:0.000483s ]
INFO: [ route_check ] --END-- [ RunTime:0.000578s ]
INFO: [ app_begin ] --START--
INFO: Run ReadHtmlCache Behavior [ RunTime:0.000301s ]
INFO: [ app_begin ] --END-- [ RunTime:0.000353s ]
NOTIC: [2] session_start(): open(/var/lib/php/session/sess_g1vjlva0la7q6dg1aonh4t25f4, O_RDWR) failed: Permission denied (13) /opt/app/www/ThinkPHP/Common/functions.php 第 566 行.
ERR: 非法操作:my.js

